c:\users\xchuki00\documents\bakalarska_prace\src\x64\debug\interactiveopengldemo.bsc
c:\users\xchuki00\documents\bakalarska_prace\src\interactiveopengldemo\x64\debug\vc140.pdb
c:\users\xchuki00\documents\bakalarska_prace\src\interactiveopengldemo\x64\debug\vc140.idb
c:\users\xchuki00\documents\bakalarska_prace\src\interactiveopengldemo\x64\debug\wind.sbr
c:\users\xchuki00\documents\bakalarska_prace\src\interactiveopengldemo\x64\debug\weapon.sbr
c:\users\xchuki00\documents\bakalarska_prace\src\interactiveopengldemo\x64\debug\texture.sbr
c:\users\xchuki00\documents\bakalarska_prace\src\interactiveopengldemo\x64\debug\target.sbr
c:\users\xchuki00\documents\bakalarska_prace\src\interactiveopengldemo\x64\debug\source.sbr
c:\users\xchuki00\documents\bakalarska_prace\src\interactiveopengldemo\x64\debug\sound.sbr
c:\users\xchuki00\documents\bakalarska_prace\src\interactiveopengldemo\x64\debug\skybox.sbr
c:\users\xchuki00\documents\bakalarska_prace\src\interactiveopengldemo\x64\debug\shader.sbr
c:\users\xchuki00\documents\bakalarska_prace\src\interactiveopengldemo\x64\debug\scene.sbr
c:\users\xchuki00\documents\bakalarska_prace\src\interactiveopengldemo\x64\debug\projectil.sbr
c:\users\xchuki00\documents\bakalarska_prace\src\interactiveopengldemo\x64\debug\player.sbr
c:\users\xchuki00\documents\bakalarska_prace\src\interactiveopengldemo\x64\debug\model.sbr
c:\users\xchuki00\documents\bakalarska_prace\src\interactiveopengldemo\x64\debug\misc.sbr
c:\users\xchuki00\documents\bakalarska_prace\src\interactiveopengldemo\x64\debug\loader.sbr
c:\users\xchuki00\documents\bakalarska_prace\src\interactiveopengldemo\x64\debug\importmodel.sbr
c:\users\xchuki00\documents\bakalarska_prace\src\interactiveopengldemo\x64\debug\hud.sbr
c:\users\xchuki00\documents\bakalarska_prace\src\interactiveopengldemo\x64\debug\hitshud.sbr
c:\users\xchuki00\documents\bakalarska_prace\src\interactiveopengldemo\x64\debug\ground.sbr
c:\users\xchuki00\documents\bakalarska_prace\src\interactiveopengldemo\x64\debug\crosshair.sbr
c:\users\xchuki00\documents\bakalarska_prace\src\interactiveopengldemo\x64\debug\controls.sbr
c:\users\xchuki00\documents\bakalarska_prace\src\interactiveopengldemo\x64\debug\controls.obj
c:\users\xchuki00\documents\bakalarska_prace\src\interactiveopengldemo\x64\debug\crosshair.obj
c:\users\xchuki00\documents\bakalarska_prace\src\interactiveopengldemo\x64\debug\ground.obj
c:\users\xchuki00\documents\bakalarska_prace\src\interactiveopengldemo\x64\debug\hitshud.obj
c:\users\xchuki00\documents\bakalarska_prace\src\interactiveopengldemo\x64\debug\hud.obj
c:\users\xchuki00\documents\bakalarska_prace\src\interactiveopengldemo\x64\debug\importmodel.obj
c:\users\xchuki00\documents\bakalarska_prace\src\interactiveopengldemo\x64\debug\loader.obj
c:\users\xchuki00\documents\bakalarska_prace\src\interactiveopengldemo\x64\debug\misc.obj
c:\users\xchuki00\documents\bakalarska_prace\src\interactiveopengldemo\x64\debug\model.obj
c:\users\xchuki00\documents\bakalarska_prace\src\interactiveopengldemo\x64\debug\player.obj
c:\users\xchuki00\documents\bakalarska_prace\src\interactiveopengldemo\x64\debug\projectil.obj
c:\users\xchuki00\documents\bakalarska_prace\src\interactiveopengldemo\x64\debug\scene.obj
c:\users\xchuki00\documents\bakalarska_prace\src\interactiveopengldemo\x64\debug\shader.obj
c:\users\xchuki00\documents\bakalarska_prace\src\interactiveopengldemo\x64\debug\skybox.obj
c:\users\xchuki00\documents\bakalarska_prace\src\interactiveopengldemo\x64\debug\sound.obj
c:\users\xchuki00\documents\bakalarska_prace\src\interactiveopengldemo\x64\debug\target.obj
c:\users\xchuki00\documents\bakalarska_prace\src\interactiveopengldemo\x64\debug\texture.obj
c:\users\xchuki00\documents\bakalarska_prace\src\interactiveopengldemo\x64\debug\weapon.obj
c:\users\xchuki00\documents\bakalarska_prace\src\interactiveopengldemo\x64\debug\wind.obj
c:\users\xchuki00\documents\bakalarska_prace\src\interactiveopengldemo\x64\debug\bulletworld.sbr
c:\users\xchuki00\documents\bakalarska_prace\src\interactiveopengldemo\x64\debug\arrowstack.sbr
c:\users\xchuki00\documents\bakalarska_prace\src\interactiveopengldemo\x64\debug\animation.sbr
c:\users\xchuki00\documents\bakalarska_prace\src\interactiveopengldemo\x64\debug\animation.obj
c:\users\xchuki00\documents\bakalarska_prace\src\interactiveopengldemo\x64\debug\arrowstack.obj
c:\users\xchuki00\documents\bakalarska_prace\src\interactiveopengldemo\x64\debug\bulletworld.obj
c:\users\xchuki00\documents\bakalarska_prace\src\interactiveopengldemo\x64\debug\source.obj
c:\users\xchuki00\documents\bakalarska_prace\src\interactiveopengldemo\x64\debug\sunmoon.sbr
c:\users\xchuki00\documents\bakalarska_prace\src\interactiveopengldemo\x64\debug\sunmoon.obj
c:\users\xchuki00\documents\bakalarska_prace\src\x64\debug\interactiveopengldemo.ilk
c:\users\xchuki00\documents\bakalarska_prace\src\x64\debug\interactiveopengldemo.exe
c:\users\xchuki00\documents\bakalarska_prace\src\x64\debug\interactiveopengldemo.pdb
c:\users\xchuki00\documents\bakalarska_prace\src\interactiveopengldemo\x64\debug\interactiveopengldemo.vcxprojresolveassemblyreference.cache
c:\users\xchuki00\documents\bakalarska_prace\src\interactiveopengldemo\x64\debug\texttoscem.obj
c:\users\xchuki00\documents\bakalarska_prace\src\interactiveopengldemo\x64\debug\texttoscem.sbr
c:\users\xchuki00\documents\bakalarska_prace\src\interactiveopengldemo\x64\debug\interact.8ed55944.tlog\bscmake.command.1.tlog
c:\users\xchuki00\documents\bakalarska_prace\src\interactiveopengldemo\x64\debug\interact.8ed55944.tlog\bscmake.read.1.tlog
c:\users\xchuki00\documents\bakalarska_prace\src\interactiveopengldemo\x64\debug\interact.8ed55944.tlog\bscmake.write.1.tlog
c:\users\xchuki00\documents\bakalarska_prace\src\interactiveopengldemo\x64\debug\interact.8ed55944.tlog\cl.command.1.tlog
c:\users\xchuki00\documents\bakalarska_prace\src\interactiveopengldemo\x64\debug\interact.8ed55944.tlog\cl.read.1.tlog
c:\users\xchuki00\documents\bakalarska_prace\src\interactiveopengldemo\x64\debug\interact.8ed55944.tlog\cl.write.1.tlog
c:\users\xchuki00\documents\bakalarska_prace\src\interactiveopengldemo\x64\debug\interact.8ed55944.tlog\link.command.1.tlog
c:\users\xchuki00\documents\bakalarska_prace\src\interactiveopengldemo\x64\debug\interact.8ed55944.tlog\link.read.1.tlog
c:\users\xchuki00\documents\bakalarska_prace\src\interactiveopengldemo\x64\debug\interact.8ed55944.tlog\link.write.1.tlog
