c:\users\xchuki00\documents\bakalarska_prace\bullet_build\lib\debug\bulletcollision_debug.bsc
c:\users\xchuki00\documents\bakalarska_prace\bullet_build\src\bulletcollision\bulletcollision.dir\debug\bulletcollision.pdb
c:\users\xchuki00\documents\bakalarska_prace\bullet_build\src\bulletcollision\bulletcollision.dir\debug\btaxissweep3.sbr
c:\users\xchuki00\documents\bakalarska_prace\bullet_build\src\bulletcollision\bulletcollision.dir\debug\btbroadphaseproxy.sbr
c:\users\xchuki00\documents\bakalarska_prace\bullet_build\src\bulletcollision\bulletcollision.dir\debug\btcollisionalgorithm.sbr
c:\users\xchuki00\documents\bakalarska_prace\bullet_build\src\bulletcollision\bulletcollision.dir\debug\btdbvt.sbr
c:\users\xchuki00\documents\bakalarska_prace\bullet_build\src\bulletcollision\bulletcollision.dir\debug\btdbvtbroadphase.sbr
c:\users\xchuki00\documents\bakalarska_prace\bullet_build\src\bulletcollision\bulletcollision.dir\debug\btdispatcher.sbr
c:\users\xchuki00\documents\bakalarska_prace\bullet_build\src\bulletcollision\bulletcollision.dir\debug\btmultisapbroadphase.sbr
c:\users\xchuki00\documents\bakalarska_prace\bullet_build\src\bulletcollision\bulletcollision.dir\debug\btoverlappingpaircache.sbr
c:\users\xchuki00\documents\bakalarska_prace\bullet_build\src\bulletcollision\bulletcollision.dir\debug\btquantizedbvh.sbr
c:\users\xchuki00\documents\bakalarska_prace\bullet_build\src\bulletcollision\bulletcollision.dir\debug\btsimplebroadphase.sbr
c:\users\xchuki00\documents\bakalarska_prace\bullet_build\src\bulletcollision\bulletcollision.dir\debug\btactivatingcollisionalgorithm.sbr
c:\users\xchuki00\documents\bakalarska_prace\bullet_build\src\bulletcollision\bulletcollision.dir\debug\btboxboxcollisionalgorithm.sbr
c:\users\xchuki00\documents\bakalarska_prace\bullet_build\src\bulletcollision\bulletcollision.dir\debug\btbox2dbox2dcollisionalgorithm.sbr
c:\users\xchuki00\documents\bakalarska_prace\bullet_build\src\bulletcollision\bulletcollision.dir\debug\btboxboxdetector.sbr
c:\users\xchuki00\documents\bakalarska_prace\bullet_build\src\bulletcollision\bulletcollision.dir\debug\btcollisiondispatcher.sbr
c:\users\xchuki00\documents\bakalarska_prace\bullet_build\src\bulletcollision\bulletcollision.dir\debug\btcollisionobject.sbr
c:\users\xchuki00\documents\bakalarska_prace\bullet_build\src\bulletcollision\bulletcollision.dir\debug\btcollisionworld.sbr
c:\users\xchuki00\documents\bakalarska_prace\bullet_build\src\bulletcollision\bulletcollision.dir\debug\btcollisionworldimporter.sbr
c:\users\xchuki00\documents\bakalarska_prace\bullet_build\src\bulletcollision\bulletcollision.dir\debug\btcompoundcollisionalgorithm.sbr
c:\users\xchuki00\documents\bakalarska_prace\bullet_build\src\bulletcollision\bulletcollision.dir\debug\btcompoundcompoundcollisionalgorithm.sbr
c:\users\xchuki00\documents\bakalarska_prace\bullet_build\src\bulletcollision\bulletcollision.dir\debug\btcompoundcompoundcollisionalgorithm.obj
c:\users\xchuki00\documents\bakalarska_prace\bullet_build\src\bulletcollision\bulletcollision.dir\debug\btcompoundcollisionalgorithm.obj
c:\users\xchuki00\documents\bakalarska_prace\bullet_build\src\bulletcollision\bulletcollision.dir\debug\btcollisionworldimporter.obj
c:\users\xchuki00\documents\bakalarska_prace\bullet_build\src\bulletcollision\bulletcollision.dir\debug\btcollisionworld.obj
c:\users\xchuki00\documents\bakalarska_prace\bullet_build\src\bulletcollision\bulletcollision.dir\debug\btcollisionobject.obj
c:\users\xchuki00\documents\bakalarska_prace\bullet_build\src\bulletcollision\bulletcollision.dir\debug\btcollisiondispatcher.obj
c:\users\xchuki00\documents\bakalarska_prace\bullet_build\src\bulletcollision\bulletcollision.dir\debug\btboxboxdetector.obj
c:\users\xchuki00\documents\bakalarska_prace\bullet_build\src\bulletcollision\bulletcollision.dir\debug\btbox2dbox2dcollisionalgorithm.obj
c:\users\xchuki00\documents\bakalarska_prace\bullet_build\src\bulletcollision\bulletcollision.dir\debug\btboxboxcollisionalgorithm.obj
c:\users\xchuki00\documents\bakalarska_prace\bullet_build\src\bulletcollision\bulletcollision.dir\debug\btactivatingcollisionalgorithm.obj
c:\users\xchuki00\documents\bakalarska_prace\bullet_build\src\bulletcollision\bulletcollision.dir\debug\btsimplebroadphase.obj
c:\users\xchuki00\documents\bakalarska_prace\bullet_build\src\bulletcollision\bulletcollision.dir\debug\btquantizedbvh.obj
c:\users\xchuki00\documents\bakalarska_prace\bullet_build\src\bulletcollision\bulletcollision.dir\debug\btoverlappingpaircache.obj
c:\users\xchuki00\documents\bakalarska_prace\bullet_build\src\bulletcollision\bulletcollision.dir\debug\btmultisapbroadphase.obj
c:\users\xchuki00\documents\bakalarska_prace\bullet_build\src\bulletcollision\bulletcollision.dir\debug\btdispatcher.obj
c:\users\xchuki00\documents\bakalarska_prace\bullet_build\src\bulletcollision\bulletcollision.dir\debug\btdbvtbroadphase.obj
c:\users\xchuki00\documents\bakalarska_prace\bullet_build\src\bulletcollision\bulletcollision.dir\debug\btdbvt.obj
c:\users\xchuki00\documents\bakalarska_prace\bullet_build\src\bulletcollision\bulletcollision.dir\debug\btcollisionalgorithm.obj
c:\users\xchuki00\documents\bakalarska_prace\bullet_build\src\bulletcollision\bulletcollision.dir\debug\btbroadphaseproxy.obj
c:\users\xchuki00\documents\bakalarska_prace\bullet_build\src\bulletcollision\bulletcollision.dir\debug\btaxissweep3.obj
c:\users\xchuki00\documents\bakalarska_prace\bullet_build\src\bulletcollision\bulletcollision.dir\debug\btconvexconcavecollisionalgorithm.sbr
c:\users\xchuki00\documents\bakalarska_prace\bullet_build\src\bulletcollision\bulletcollision.dir\debug\btconvexconvexalgorithm.sbr
c:\users\xchuki00\documents\bakalarska_prace\bullet_build\src\bulletcollision\bulletcollision.dir\debug\btconvexplanecollisionalgorithm.sbr
c:\users\xchuki00\documents\bakalarska_prace\bullet_build\src\bulletcollision\bulletcollision.dir\debug\btconvex2dconvex2dalgorithm.sbr
c:\users\xchuki00\documents\bakalarska_prace\bullet_build\src\bulletcollision\bulletcollision.dir\debug\btdefaultcollisionconfiguration.sbr
c:\users\xchuki00\documents\bakalarska_prace\bullet_build\src\bulletcollision\bulletcollision.dir\debug\btemptycollisionalgorithm.sbr
c:\users\xchuki00\documents\bakalarska_prace\bullet_build\src\bulletcollision\bulletcollision.dir\debug\btghostobject.sbr
c:\users\xchuki00\documents\bakalarska_prace\bullet_build\src\bulletcollision\bulletcollision.dir\debug\bthashedsimplepaircache.sbr
c:\users\xchuki00\documents\bakalarska_prace\bullet_build\src\bulletcollision\bulletcollision.dir\debug\btinternaledgeutility.sbr
c:\users\xchuki00\documents\bakalarska_prace\bullet_build\src\bulletcollision\bulletcollision.dir\debug\btmanifoldresult.sbr
c:\users\xchuki00\documents\bakalarska_prace\bullet_build\src\bulletcollision\bulletcollision.dir\debug\btsimulationislandmanager.sbr
c:\users\xchuki00\documents\bakalarska_prace\bullet_build\src\bulletcollision\bulletcollision.dir\debug\btsphereboxcollisionalgorithm.sbr
c:\users\xchuki00\documents\bakalarska_prace\bullet_build\src\bulletcollision\bulletcollision.dir\debug\btspherespherecollisionalgorithm.sbr
c:\users\xchuki00\documents\bakalarska_prace\bullet_build\src\bulletcollision\bulletcollision.dir\debug\btspheretrianglecollisionalgorithm.sbr
c:\users\xchuki00\documents\bakalarska_prace\bullet_build\src\bulletcollision\bulletcollision.dir\debug\btunionfind.sbr
c:\users\xchuki00\documents\bakalarska_prace\bullet_build\src\bulletcollision\bulletcollision.dir\debug\spheretriangledetector.sbr
c:\users\xchuki00\documents\bakalarska_prace\bullet_build\src\bulletcollision\bulletcollision.dir\debug\btboxshape.sbr
c:\users\xchuki00\documents\bakalarska_prace\bullet_build\src\bulletcollision\bulletcollision.dir\debug\btbox2dshape.sbr
c:\users\xchuki00\documents\bakalarska_prace\bullet_build\src\bulletcollision\bulletcollision.dir\debug\btbvhtrianglemeshshape.sbr
c:\users\xchuki00\documents\bakalarska_prace\bullet_build\src\bulletcollision\bulletcollision.dir\debug\btcapsuleshape.sbr
c:\users\xchuki00\documents\bakalarska_prace\bullet_build\src\bulletcollision\bulletcollision.dir\debug\btcapsuleshape.obj
c:\users\xchuki00\documents\bakalarska_prace\bullet_build\src\bulletcollision\bulletcollision.dir\debug\btbvhtrianglemeshshape.obj
c:\users\xchuki00\documents\bakalarska_prace\bullet_build\src\bulletcollision\bulletcollision.dir\debug\btbox2dshape.obj
c:\users\xchuki00\documents\bakalarska_prace\bullet_build\src\bulletcollision\bulletcollision.dir\debug\btboxshape.obj
c:\users\xchuki00\documents\bakalarska_prace\bullet_build\src\bulletcollision\bulletcollision.dir\debug\spheretriangledetector.obj
c:\users\xchuki00\documents\bakalarska_prace\bullet_build\src\bulletcollision\bulletcollision.dir\debug\btunionfind.obj
c:\users\xchuki00\documents\bakalarska_prace\bullet_build\src\bulletcollision\bulletcollision.dir\debug\btspheretrianglecollisionalgorithm.obj
c:\users\xchuki00\documents\bakalarska_prace\bullet_build\src\bulletcollision\bulletcollision.dir\debug\btspherespherecollisionalgorithm.obj
c:\users\xchuki00\documents\bakalarska_prace\bullet_build\src\bulletcollision\bulletcollision.dir\debug\btsphereboxcollisionalgorithm.obj
c:\users\xchuki00\documents\bakalarska_prace\bullet_build\src\bulletcollision\bulletcollision.dir\debug\btsimulationislandmanager.obj
c:\users\xchuki00\documents\bakalarska_prace\bullet_build\src\bulletcollision\bulletcollision.dir\debug\btmanifoldresult.obj
c:\users\xchuki00\documents\bakalarska_prace\bullet_build\src\bulletcollision\bulletcollision.dir\debug\btinternaledgeutility.obj
c:\users\xchuki00\documents\bakalarska_prace\bullet_build\src\bulletcollision\bulletcollision.dir\debug\bthashedsimplepaircache.obj
c:\users\xchuki00\documents\bakalarska_prace\bullet_build\src\bulletcollision\bulletcollision.dir\debug\btghostobject.obj
c:\users\xchuki00\documents\bakalarska_prace\bullet_build\src\bulletcollision\bulletcollision.dir\debug\btemptycollisionalgorithm.obj
c:\users\xchuki00\documents\bakalarska_prace\bullet_build\src\bulletcollision\bulletcollision.dir\debug\btdefaultcollisionconfiguration.obj
c:\users\xchuki00\documents\bakalarska_prace\bullet_build\src\bulletcollision\bulletcollision.dir\debug\btconvex2dconvex2dalgorithm.obj
c:\users\xchuki00\documents\bakalarska_prace\bullet_build\src\bulletcollision\bulletcollision.dir\debug\btconvexplanecollisionalgorithm.obj
c:\users\xchuki00\documents\bakalarska_prace\bullet_build\src\bulletcollision\bulletcollision.dir\debug\btconvexconvexalgorithm.obj
c:\users\xchuki00\documents\bakalarska_prace\bullet_build\src\bulletcollision\bulletcollision.dir\debug\btconvexconcavecollisionalgorithm.obj
c:\users\xchuki00\documents\bakalarska_prace\bullet_build\src\bulletcollision\bulletcollision.dir\debug\btcollisionshape.sbr
c:\users\xchuki00\documents\bakalarska_prace\bullet_build\src\bulletcollision\bulletcollision.dir\debug\btcompoundshape.sbr
c:\users\xchuki00\documents\bakalarska_prace\bullet_build\src\bulletcollision\bulletcollision.dir\debug\btconcaveshape.sbr
c:\users\xchuki00\documents\bakalarska_prace\bullet_build\src\bulletcollision\bulletcollision.dir\debug\btconeshape.sbr
c:\users\xchuki00\documents\bakalarska_prace\bullet_build\src\bulletcollision\bulletcollision.dir\debug\btconvexhullshape.sbr
c:\users\xchuki00\documents\bakalarska_prace\bullet_build\src\bulletcollision\bulletcollision.dir\debug\btconvexinternalshape.sbr
c:\users\xchuki00\documents\bakalarska_prace\bullet_build\src\bulletcollision\bulletcollision.dir\debug\btconvexpointcloudshape.sbr
c:\users\xchuki00\documents\bakalarska_prace\bullet_build\src\bulletcollision\bulletcollision.dir\debug\btconvexpolyhedron.sbr
c:\users\xchuki00\documents\bakalarska_prace\bullet_build\src\bulletcollision\bulletcollision.dir\debug\btconvexshape.sbr
c:\users\xchuki00\documents\bakalarska_prace\bullet_build\src\bulletcollision\bulletcollision.dir\debug\btconvex2dshape.sbr
c:\users\xchuki00\documents\bakalarska_prace\bullet_build\src\bulletcollision\bulletcollision.dir\debug\btconvextrianglemeshshape.sbr
c:\users\xchuki00\documents\bakalarska_prace\bullet_build\src\bulletcollision\bulletcollision.dir\debug\btcylindershape.sbr
c:\users\xchuki00\documents\bakalarska_prace\bullet_build\src\bulletcollision\bulletcollision.dir\debug\btemptyshape.sbr
c:\users\xchuki00\documents\bakalarska_prace\bullet_build\src\bulletcollision\bulletcollision.dir\debug\btheightfieldterrainshape.sbr
c:\users\xchuki00\documents\bakalarska_prace\bullet_build\src\bulletcollision\bulletcollision.dir\debug\btminkowskisumshape.sbr
c:\users\xchuki00\documents\bakalarska_prace\bullet_build\src\bulletcollision\bulletcollision.dir\debug\btmultimaterialtrianglemeshshape.sbr
c:\users\xchuki00\documents\bakalarska_prace\bullet_build\src\bulletcollision\bulletcollision.dir\debug\btmultisphereshape.sbr
c:\users\xchuki00\documents\bakalarska_prace\bullet_build\src\bulletcollision\bulletcollision.dir\debug\btoptimizedbvh.sbr
c:\users\xchuki00\documents\bakalarska_prace\bullet_build\src\bulletcollision\bulletcollision.dir\debug\btpolyhedralconvexshape.sbr
c:\users\xchuki00\documents\bakalarska_prace\bullet_build\src\bulletcollision\bulletcollision.dir\debug\btscaledbvhtrianglemeshshape.sbr
c:\users\xchuki00\documents\bakalarska_prace\bullet_build\src\bulletcollision\bulletcollision.dir\debug\btscaledbvhtrianglemeshshape.obj
c:\users\xchuki00\documents\bakalarska_prace\bullet_build\src\bulletcollision\bulletcollision.dir\debug\btpolyhedralconvexshape.obj
c:\users\xchuki00\documents\bakalarska_prace\bullet_build\src\bulletcollision\bulletcollision.dir\debug\btoptimizedbvh.obj
c:\users\xchuki00\documents\bakalarska_prace\bullet_build\src\bulletcollision\bulletcollision.dir\debug\btmultisphereshape.obj
c:\users\xchuki00\documents\bakalarska_prace\bullet_build\src\bulletcollision\bulletcollision.dir\debug\btmultimaterialtrianglemeshshape.obj
c:\users\xchuki00\documents\bakalarska_prace\bullet_build\src\bulletcollision\bulletcollision.dir\debug\btminkowskisumshape.obj
c:\users\xchuki00\documents\bakalarska_prace\bullet_build\src\bulletcollision\bulletcollision.dir\debug\btheightfieldterrainshape.obj
c:\users\xchuki00\documents\bakalarska_prace\bullet_build\src\bulletcollision\bulletcollision.dir\debug\btemptyshape.obj
c:\users\xchuki00\documents\bakalarska_prace\bullet_build\src\bulletcollision\bulletcollision.dir\debug\btcylindershape.obj
c:\users\xchuki00\documents\bakalarska_prace\bullet_build\src\bulletcollision\bulletcollision.dir\debug\btconvextrianglemeshshape.obj
c:\users\xchuki00\documents\bakalarska_prace\bullet_build\src\bulletcollision\bulletcollision.dir\debug\btconvex2dshape.obj
c:\users\xchuki00\documents\bakalarska_prace\bullet_build\src\bulletcollision\bulletcollision.dir\debug\btconvexshape.obj
c:\users\xchuki00\documents\bakalarska_prace\bullet_build\src\bulletcollision\bulletcollision.dir\debug\btconvexpolyhedron.obj
c:\users\xchuki00\documents\bakalarska_prace\bullet_build\src\bulletcollision\bulletcollision.dir\debug\btconvexpointcloudshape.obj
c:\users\xchuki00\documents\bakalarska_prace\bullet_build\src\bulletcollision\bulletcollision.dir\debug\btconvexinternalshape.obj
c:\users\xchuki00\documents\bakalarska_prace\bullet_build\src\bulletcollision\bulletcollision.dir\debug\btconvexhullshape.obj
c:\users\xchuki00\documents\bakalarska_prace\bullet_build\src\bulletcollision\bulletcollision.dir\debug\btconeshape.obj
c:\users\xchuki00\documents\bakalarska_prace\bullet_build\src\bulletcollision\bulletcollision.dir\debug\btconcaveshape.obj
c:\users\xchuki00\documents\bakalarska_prace\bullet_build\src\bulletcollision\bulletcollision.dir\debug\btcompoundshape.obj
c:\users\xchuki00\documents\bakalarska_prace\bullet_build\src\bulletcollision\bulletcollision.dir\debug\btcollisionshape.obj
c:\users\xchuki00\documents\bakalarska_prace\bullet_build\src\bulletcollision\bulletcollision.dir\debug\btsphereshape.sbr
c:\users\xchuki00\documents\bakalarska_prace\bullet_build\src\bulletcollision\bulletcollision.dir\debug\btstaticplaneshape.sbr
c:\users\xchuki00\documents\bakalarska_prace\bullet_build\src\bulletcollision\bulletcollision.dir\debug\btstridingmeshinterface.sbr
c:\users\xchuki00\documents\bakalarska_prace\bullet_build\src\bulletcollision\bulletcollision.dir\debug\bttetrahedronshape.sbr
c:\users\xchuki00\documents\bakalarska_prace\bullet_build\src\bulletcollision\bulletcollision.dir\debug\bttrianglebuffer.sbr
c:\users\xchuki00\documents\bakalarska_prace\bullet_build\src\bulletcollision\bulletcollision.dir\debug\bttrianglecallback.sbr
c:\users\xchuki00\documents\bakalarska_prace\bullet_build\src\bulletcollision\bulletcollision.dir\debug\bttriangleindexvertexarray.sbr
c:\users\xchuki00\documents\bakalarska_prace\bullet_build\src\bulletcollision\bulletcollision.dir\debug\bttriangleindexvertexmaterialarray.sbr
c:\users\xchuki00\documents\bakalarska_prace\bullet_build\src\bulletcollision\bulletcollision.dir\debug\bttrianglemesh.sbr
c:\users\xchuki00\documents\bakalarska_prace\bullet_build\src\bulletcollision\bulletcollision.dir\debug\bttrianglemeshshape.sbr
c:\users\xchuki00\documents\bakalarska_prace\bullet_build\src\bulletcollision\bulletcollision.dir\debug\btuniformscalingshape.sbr
c:\users\xchuki00\documents\bakalarska_prace\bullet_build\src\bulletcollision\bulletcollision.dir\debug\btcontactprocessing.sbr
c:\users\xchuki00\documents\bakalarska_prace\bullet_build\src\bulletcollision\bulletcollision.dir\debug\btgenericpoolallocator.sbr
c:\users\xchuki00\documents\bakalarska_prace\bullet_build\src\bulletcollision\bulletcollision.dir\debug\btgimpactbvh.sbr
c:\users\xchuki00\documents\bakalarska_prace\bullet_build\src\bulletcollision\bulletcollision.dir\debug\btgimpactcollisionalgorithm.sbr
c:\users\xchuki00\documents\bakalarska_prace\bullet_build\src\bulletcollision\bulletcollision.dir\debug\btgimpactquantizedbvh.sbr
c:\users\xchuki00\documents\bakalarska_prace\bullet_build\src\bulletcollision\bulletcollision.dir\debug\btgimpactshape.sbr
c:\users\xchuki00\documents\bakalarska_prace\bullet_build\src\bulletcollision\bulletcollision.dir\debug\bttriangleshapeex.sbr
c:\users\xchuki00\documents\bakalarska_prace\bullet_build\src\bulletcollision\bulletcollision.dir\debug\gim_box_set.sbr
c:\users\xchuki00\documents\bakalarska_prace\bullet_build\src\bulletcollision\bulletcollision.dir\debug\gim_box_set.obj
c:\users\xchuki00\documents\bakalarska_prace\bullet_build\src\bulletcollision\bulletcollision.dir\debug\bttriangleshapeex.obj
c:\users\xchuki00\documents\bakalarska_prace\bullet_build\src\bulletcollision\bulletcollision.dir\debug\btgimpactshape.obj
c:\users\xchuki00\documents\bakalarska_prace\bullet_build\src\bulletcollision\bulletcollision.dir\debug\btgimpactquantizedbvh.obj
c:\users\xchuki00\documents\bakalarska_prace\bullet_build\src\bulletcollision\bulletcollision.dir\debug\btgimpactcollisionalgorithm.obj
c:\users\xchuki00\documents\bakalarska_prace\bullet_build\src\bulletcollision\bulletcollision.dir\debug\btgimpactbvh.obj
c:\users\xchuki00\documents\bakalarska_prace\bullet_build\src\bulletcollision\bulletcollision.dir\debug\btgenericpoolallocator.obj
c:\users\xchuki00\documents\bakalarska_prace\bullet_build\src\bulletcollision\bulletcollision.dir\debug\btcontactprocessing.obj
c:\users\xchuki00\documents\bakalarska_prace\bullet_build\src\bulletcollision\bulletcollision.dir\debug\btuniformscalingshape.obj
c:\users\xchuki00\documents\bakalarska_prace\bullet_build\src\bulletcollision\bulletcollision.dir\debug\bttrianglemeshshape.obj
c:\users\xchuki00\documents\bakalarska_prace\bullet_build\src\bulletcollision\bulletcollision.dir\debug\bttrianglemesh.obj
c:\users\xchuki00\documents\bakalarska_prace\bullet_build\src\bulletcollision\bulletcollision.dir\debug\bttriangleindexvertexmaterialarray.obj
c:\users\xchuki00\documents\bakalarska_prace\bullet_build\src\bulletcollision\bulletcollision.dir\debug\bttriangleindexvertexarray.obj
c:\users\xchuki00\documents\bakalarska_prace\bullet_build\src\bulletcollision\bulletcollision.dir\debug\bttrianglecallback.obj
c:\users\xchuki00\documents\bakalarska_prace\bullet_build\src\bulletcollision\bulletcollision.dir\debug\bttrianglebuffer.obj
c:\users\xchuki00\documents\bakalarska_prace\bullet_build\src\bulletcollision\bulletcollision.dir\debug\bttetrahedronshape.obj
c:\users\xchuki00\documents\bakalarska_prace\bullet_build\src\bulletcollision\bulletcollision.dir\debug\btstridingmeshinterface.obj
c:\users\xchuki00\documents\bakalarska_prace\bullet_build\src\bulletcollision\bulletcollision.dir\debug\btstaticplaneshape.obj
c:\users\xchuki00\documents\bakalarska_prace\bullet_build\src\bulletcollision\bulletcollision.dir\debug\btsphereshape.obj
c:\users\xchuki00\documents\bakalarska_prace\bullet_build\src\bulletcollision\bulletcollision.dir\debug\gim_contact.sbr
c:\users\xchuki00\documents\bakalarska_prace\bullet_build\src\bulletcollision\bulletcollision.dir\debug\gim_memory.sbr
c:\users\xchuki00\documents\bakalarska_prace\bullet_build\src\bulletcollision\bulletcollision.dir\debug\gim_tri_collision.sbr
c:\users\xchuki00\documents\bakalarska_prace\bullet_build\src\bulletcollision\bulletcollision.dir\debug\btcontinuousconvexcollision.sbr
c:\users\xchuki00\documents\bakalarska_prace\bullet_build\src\bulletcollision\bulletcollision.dir\debug\btconvexcast.sbr
c:\users\xchuki00\documents\bakalarska_prace\bullet_build\src\bulletcollision\bulletcollision.dir\debug\btgjkconvexcast.sbr
c:\users\xchuki00\documents\bakalarska_prace\bullet_build\src\bulletcollision\bulletcollision.dir\debug\btgjkepa2.sbr
c:\users\xchuki00\documents\bakalarska_prace\bullet_build\src\bulletcollision\bulletcollision.dir\debug\btgjkepapenetrationdepthsolver.sbr
c:\users\xchuki00\documents\bakalarska_prace\bullet_build\src\bulletcollision\bulletcollision.dir\debug\btgjkpairdetector.sbr
c:\users\xchuki00\documents\bakalarska_prace\bullet_build\src\bulletcollision\bulletcollision.dir\debug\btminkowskipenetrationdepthsolver.sbr
c:\users\xchuki00\documents\bakalarska_prace\bullet_build\src\bulletcollision\bulletcollision.dir\debug\btpersistentmanifold.sbr
c:\users\xchuki00\documents\bakalarska_prace\bullet_build\src\bulletcollision\bulletcollision.dir\debug\btraycastcallback.sbr
c:\users\xchuki00\documents\bakalarska_prace\bullet_build\src\bulletcollision\bulletcollision.dir\debug\btsubsimplexconvexcast.sbr
c:\users\xchuki00\documents\bakalarska_prace\bullet_build\src\bulletcollision\bulletcollision.dir\debug\btvoronoisimplexsolver.sbr
c:\users\xchuki00\documents\bakalarska_prace\bullet_build\src\bulletcollision\bulletcollision.dir\debug\btpolyhedralcontactclipping.sbr
c:\users\xchuki00\documents\bakalarska_prace\bullet_build\src\bulletcollision\bulletcollision.dir\debug\btpolyhedralcontactclipping.obj
c:\users\xchuki00\documents\bakalarska_prace\bullet_build\src\bulletcollision\bulletcollision.dir\debug\btvoronoisimplexsolver.obj
c:\users\xchuki00\documents\bakalarska_prace\bullet_build\src\bulletcollision\bulletcollision.dir\debug\btsubsimplexconvexcast.obj
c:\users\xchuki00\documents\bakalarska_prace\bullet_build\src\bulletcollision\bulletcollision.dir\debug\btraycastcallback.obj
c:\users\xchuki00\documents\bakalarska_prace\bullet_build\src\bulletcollision\bulletcollision.dir\debug\btpersistentmanifold.obj
c:\users\xchuki00\documents\bakalarska_prace\bullet_build\src\bulletcollision\bulletcollision.dir\debug\btminkowskipenetrationdepthsolver.obj
c:\users\xchuki00\documents\bakalarska_prace\bullet_build\src\bulletcollision\bulletcollision.dir\debug\btgjkpairdetector.obj
c:\users\xchuki00\documents\bakalarska_prace\bullet_build\src\bulletcollision\bulletcollision.dir\debug\btgjkepapenetrationdepthsolver.obj
c:\users\xchuki00\documents\bakalarska_prace\bullet_build\src\bulletcollision\bulletcollision.dir\debug\btgjkepa2.obj
c:\users\xchuki00\documents\bakalarska_prace\bullet_build\src\bulletcollision\bulletcollision.dir\debug\btgjkconvexcast.obj
c:\users\xchuki00\documents\bakalarska_prace\bullet_build\src\bulletcollision\bulletcollision.dir\debug\btconvexcast.obj
c:\users\xchuki00\documents\bakalarska_prace\bullet_build\src\bulletcollision\bulletcollision.dir\debug\btcontinuousconvexcollision.obj
c:\users\xchuki00\documents\bakalarska_prace\bullet_build\src\bulletcollision\bulletcollision.dir\debug\gim_tri_collision.obj
c:\users\xchuki00\documents\bakalarska_prace\bullet_build\src\bulletcollision\bulletcollision.dir\debug\gim_memory.obj
c:\users\xchuki00\documents\bakalarska_prace\bullet_build\src\bulletcollision\bulletcollision.dir\debug\gim_contact.obj
c:\users\xchuki00\documents\bakalarska_prace\bullet_build\src\bulletcollision\bulletcollision.dir\debug\btshapehull.sbr
c:\users\xchuki00\documents\bakalarska_prace\bullet_build\src\bulletcollision\bulletcollision.dir\debug\btshapehull.obj
c:\users\xchuki00\documents\bakalarska_prace\bullet_build\src\bulletcollision\cmakefiles\generate.stamp
c:\users\xchuki00\documents\bakalarska_prace\bullet_build\lib\debug\bulletcollision_debug.lib
c:\users\xchuki00\documents\bakalarska_prace\bullet_build\src\bulletcollision\bulletcollision.dir\debug\bulletcollision.tlog\bscmake.command.1.tlog
c:\users\xchuki00\documents\bakalarska_prace\bullet_build\src\bulletcollision\bulletcollision.dir\debug\bulletcollision.tlog\bscmake.read.1.tlog
c:\users\xchuki00\documents\bakalarska_prace\bullet_build\src\bulletcollision\bulletcollision.dir\debug\bulletcollision.tlog\bscmake.write.1.tlog
c:\users\xchuki00\documents\bakalarska_prace\bullet_build\src\bulletcollision\bulletcollision.dir\debug\bulletcollision.tlog\cl.command.1.tlog
c:\users\xchuki00\documents\bakalarska_prace\bullet_build\src\bulletcollision\bulletcollision.dir\debug\bulletcollision.tlog\cl.read.1.tlog
c:\users\xchuki00\documents\bakalarska_prace\bullet_build\src\bulletcollision\bulletcollision.dir\debug\bulletcollision.tlog\cl.write.1.tlog
c:\users\xchuki00\documents\bakalarska_prace\bullet_build\src\bulletcollision\bulletcollision.dir\debug\bulletcollision.tlog\custombuild.command.1.tlog
c:\users\xchuki00\documents\bakalarska_prace\bullet_build\src\bulletcollision\bulletcollision.dir\debug\bulletcollision.tlog\custombuild.read.1.tlog
c:\users\xchuki00\documents\bakalarska_prace\bullet_build\src\bulletcollision\bulletcollision.dir\debug\bulletcollision.tlog\custombuild.write.1.tlog
c:\users\xchuki00\documents\bakalarska_prace\bullet_build\src\bulletcollision\bulletcollision.dir\debug\bulletcollision.tlog\lib-link.read.1.tlog
c:\users\xchuki00\documents\bakalarska_prace\bullet_build\src\bulletcollision\bulletcollision.dir\debug\bulletcollision.tlog\lib-link.write.1.tlog
c:\users\xchuki00\documents\bakalarska_prace\bullet_build\src\bulletcollision\bulletcollision.dir\debug\bulletcollision.tlog\lib.command.1.tlog
