  Building Custom Rule C:/Users/xchuki00/Documents/Bakalarska_prace/3rd_parties/libs/bullet3-2.85.1/examples/ExampleBrowser/CMakeLists.txt
  CMake does not need to re-run because C:\Users\xchuki00\Documents\Bakalarska_prace\3rd_parties\libs\bullet3-2.85.1\bullet_build\examples\ExampleBrowser\CMakeFiles\generate.stamp is up-to-date.
  main.cpp
  ExampleEntries.cpp
  SimpleBox.cpp
  MultipleBoxes.cpp
  SimpleJoint.cpp
  SimpleCloth.cpp
  Chain.cpp
  Bridge.cpp
  RigidBodyFromObj.cpp
  InclinedPlane.cpp
  NewtonsCradle.cpp
  geometry.cpp
  model.cpp
  tgaimage.cpp
  our_gl.cpp
  TinyRenderer.cpp
  TinyRendererVisualShapeConverter.cpp
  IKTrajectoryHelper.cpp
  PhysicsServer.cpp
  PhysicsClientSharedMemory.cpp
  Generating Code...
  Compiling...
  PhysicsClient.cpp
  PhysicsClientC_API.cpp
C:\Users\xchuki00\Documents\Bakalarska_prace\3rd_parties\libs\bullet3-2.85.1\examples\SharedMemory\PhysicsClientC_API.cpp(163): warning C4800: 'int': forcing value to bool 'true' or 'false' (performance warning)
  PhysicsServerExample.cpp
C:\Users\xchuki00\Documents\Bakalarska_prace\3rd_parties\libs\bullet3-2.85.1\examples\SharedMemory\PhysicsServerExample.cpp(1285): warning C4800: 'int': forcing value to bool 'true' or 'false' (performance warning)
  PhysicsClientExample.cpp
  PosixSharedMemory.cpp
  Win32SharedMemory.cpp
  InProcessMemory.cpp
  PhysicsServerSharedMemory.cpp
  PhysicsDirect.cpp
  PhysicsDirectC_API.cpp
  SharedMemoryInProcessPhysicsC_API.cpp
  PhysicsLoopBack.cpp
  PhysicsLoopBackC_API.cpp
  PhysicsServerCommandProcessor.cpp
C:\Users\xchuki00\Documents\Bakalarska_prace\3rd_parties\libs\bullet3-2.85.1\examples\SharedMemory\PhysicsServerCommandProcessor.cpp(1523): warning C4800: 'int': forcing value to bool 'true' or 'false' (performance warning)
C:\Users\xchuki00\Documents\Bakalarska_prace\3rd_parties\libs\bullet3-2.85.1\examples\SharedMemory\PhysicsServerCommandProcessor.cpp(1569): warning C4800: 'int': forcing value to bool 'true' or 'false' (performance warning)
C:\Users\xchuki00\Documents\Bakalarska_prace\3rd_parties\libs\bullet3-2.85.1\examples\SharedMemory\PhysicsServerCommandProcessor.cpp(1570): warning C4800: 'int': forcing value to bool 'true' or 'false' (performance warning)
  BasicExample.cpp
  InverseDynamicsExample.cpp
C:\Users\xchuki00\Documents\Bakalarska_prace\3rd_parties\libs\bullet3-2.85.1\examples\InverseDynamics\InverseDynamicsExample.cpp(228): warning C4477: 'sprintf' : format string '%u' requires an argument of type 'unsigned int', but variadic argument 1 has type 'std::size_t'
  C:\Users\xchuki00\Documents\Bakalarska_prace\3rd_parties\libs\bullet3-2.85.1\examples\InverseDynamics\InverseDynamicsExample.cpp(228): note: consider using '%zu' in the format string
C:\Users\xchuki00\Documents\Bakalarska_prace\3rd_parties\libs\bullet3-2.85.1\examples\InverseDynamics\InverseDynamicsExample.cpp(234): warning C4477: 'sprintf' : format string '%u' requires an argument of type 'unsigned int', but variadic argument 1 has type 'std::size_t'
  C:\Users\xchuki00\Documents\Bakalarska_prace\3rd_parties\libs\bullet3-2.85.1\examples\InverseDynamics\InverseDynamicsExample.cpp(234): note: consider using '%zu' in the format string
  InverseKinematicsExample.cpp
  ForkLiftDemo.cpp
  Tutorial.cpp
  Dof6ConstraintTutorial.cpp
  Generating Code...
  Compiling...
  NewtonsRopeCradle.cpp
  MultiPendulum.cpp
  CollisionSdkC_Api.cpp
  CollisionTutorialBullet2.cpp
  Bullet2CollisionSdk.cpp
  RealTimeBullet3CollisionSdk.cpp
C:\Users\xchuki00\Documents\Bakalarska_prace\3rd_parties\libs\bullet3-2.85.1\examples\Collision\Internal\RealTimeBullet3CollisionSdk.cpp(128): warning C4312: 'type cast': conversion from 'int' to 'plCollisionShapeHandle' of greater size
C:\Users\xchuki00\Documents\Bakalarska_prace\3rd_parties\libs\bullet3-2.85.1\examples\Collision\Internal\RealTimeBullet3CollisionSdk.cpp(150): warning C4312: 'type cast': conversion from 'int' to 'plCollisionShapeHandle' of greater size
C:\Users\xchuki00\Documents\Bakalarska_prace\3rd_parties\libs\bullet3-2.85.1\examples\Collision\Internal\RealTimeBullet3CollisionSdk.cpp(172): warning C4312: 'type cast': conversion from 'int' to 'plCollisionShapeHandle' of greater size
C:\Users\xchuki00\Documents\Bakalarska_prace\3rd_parties\libs\bullet3-2.85.1\examples\Collision\Internal\RealTimeBullet3CollisionSdk.cpp(189): warning C4312: 'type cast': conversion from 'int' to 'plCollisionShapeHandle' of greater size
C:\Users\xchuki00\Documents\Bakalarska_prace\3rd_parties\libs\bullet3-2.85.1\examples\Collision\Internal\RealTimeBullet3CollisionSdk.cpp(268): warning C4312: 'type cast': conversion from 'int' to 'plCollisionObjectHandle' of greater size
  GyroscopicSetup.cpp
  Planar2D.cpp
  RollingFrictionDemo.cpp
  FractureDemo.cpp
  btFractureBody.cpp
  btFractureDynamicsWorld.cpp
  MotorDemo.cpp
  MultiThreadingExample.cpp
  b3PosixThreadSupport.cpp
  b3Win32ThreadSupport.cpp
C:\Users\xchuki00\Documents\Bakalarska_prace\3rd_parties\libs\bullet3-2.85.1\examples\MultiThreading\b3Win32ThreadSupport.cpp(282): warning C4334: '<<': result of 32-bit shift implicitly converted to 64 bits (was 64-bit shift intended?)
  b3ThreadSupportInterface.cpp
  TinyRendererSetup.cpp
  TimeSeriesCanvas.cpp
  TimeSeriesFontData.cpp
  Generating Code...
  Compiling...
  DynamicTexturedCubeDemo.cpp
  TinyVRGui.cpp
  GripperGraspExample.cpp
  b3RobotSimAPI.cpp
C:\Users\xchuki00\Documents\Bakalarska_prace\3rd_parties\libs\bullet3-2.85.1\examples\RoboticsLearning\b3RobotSimAPI.cpp(513): warning C4800: 'int': forcing value to bool 'true' or 'false' (performance warning)
C:\Users\xchuki00\Documents\Bakalarska_prace\3rd_parties\libs\bullet3-2.85.1\examples\RoboticsLearning\b3RobotSimAPI.cpp(520): warning C4800: 'int': forcing value to bool 'true' or 'false' (performance warning)
C:\Users\xchuki00\Documents\Bakalarska_prace\3rd_parties\libs\bullet3-2.85.1\examples\RoboticsLearning\b3RobotSimAPI.cpp(681): warning C4101: 'rootInertialFrame': unreferenced local variable
C:\Users\xchuki00\Documents\Bakalarska_prace\3rd_parties\libs\bullet3-2.85.1\examples\RoboticsLearning\b3RobotSimAPI.cpp(903): warning C4800: 'int': forcing value to bool 'true' or 'false' (performance warning)
  R2D2GraspExample.cpp
  KukaGraspExample.cpp
  CoordinateSystemDemo.cpp
  RaytracerSetup.cpp
  RenderInstancingDemo.cpp
  TimeSeriesExample.cpp
  BenchmarkDemo.cpp
  RaytestDemo.cpp
  SerializeSetup.cpp
  b3ImportMeshUtility.cpp
  btWorldImporter.cpp
C:\Users\xchuki00\Documents\Bakalarska_prace\3rd_parties\libs\bullet3-2.85.1\Extras\Serialize\BulletWorldImporter\btWorldImporter.cpp(1000): warning C4800: 'char': forcing value to bool 'true' or 'false' (performance warning)
C:\Users\xchuki00\Documents\Bakalarska_prace\3rd_parties\libs\bullet3-2.85.1\Extras\Serialize\BulletWorldImporter\btWorldImporter.cpp(1004): warning C4800: 'char': forcing value to bool 'true' or 'false' (performance warning)
C:\Users\xchuki00\Documents\Bakalarska_prace\3rd_parties\libs\bullet3-2.85.1\Extras\Serialize\BulletWorldImporter\btWorldImporter.cpp(1007): warning C4800: 'char': forcing value to bool 'true' or 'false' (performance warning)
C:\Users\xchuki00\Documents\Bakalarska_prace\3rd_parties\libs\bullet3-2.85.1\Extras\Serialize\BulletWorldImporter\btWorldImporter.cpp(1327): warning C4800: 'char': forcing value to bool 'true' or 'false' (performance warning)
C:\Users\xchuki00\Documents\Bakalarska_prace\3rd_parties\libs\bullet3-2.85.1\Extras\Serialize\BulletWorldImporter\btWorldImporter.cpp(1330): warning C4800: 'char': forcing value to bool 'true' or 'false' (performance warning)
C:\Users\xchuki00\Documents\Bakalarska_prace\3rd_parties\libs\bullet3-2.85.1\Extras\Serialize\BulletWorldImporter\btWorldImporter.cpp(1334): warning C4800: 'char': forcing value to bool 'true' or 'false' (performance warning)
C:\Users\xchuki00\Documents\Bakalarska_prace\3rd_parties\libs\bullet3-2.85.1\Extras\Serialize\BulletWorldImporter\btWorldImporter.cpp(1337): warning C4800: 'char': forcing value to bool 'true' or 'false' (performance warning)
  btBulletWorldImporter.cpp
  bChunk.cpp
  bFile.cpp
C:\Users\xchuki00\Documents\Bakalarska_prace\3rd_parties\libs\bullet3-2.85.1\Extras\Serialize\BulletFileLoader\bFile.cpp(1288): warning C4477: 'printf' : format string '%d' requires an argument of type 'int', but variadic argument 1 has type 'void *'
C:\Users\xchuki00\Documents\Bakalarska_prace\3rd_parties\libs\bullet3-2.85.1\Extras\Serialize\BulletFileLoader\bFile.cpp(1288): warning C4313: 'printf': '%d' in format string conflicts with argument 1 of type 'void *'
C:\Users\xchuki00\Documents\Bakalarska_prace\3rd_parties\libs\bullet3-2.85.1\Extras\Serialize\BulletFileLoader\bFile.cpp(1306): warning C4477: 'printf' : format string '%d' requires an argument of type 'int', but variadic argument 1 has type 'void *'
C:\Users\xchuki00\Documents\Bakalarska_prace\3rd_parties\libs\bullet3-2.85.1\Extras\Serialize\BulletFileLoader\bFile.cpp(1306): warning C4313: 'printf': '%d' in format string conflicts with argument 1 of type 'void *'
C:\Users\xchuki00\Documents\Bakalarska_prace\3rd_parties\libs\bullet3-2.85.1\Extras\Serialize\BulletFileLoader\bFile.cpp(1487): warning C4477: 'printf' : format string '%d' requires an argument of type 'int', but variadic argument 2 has type 'void *const '
C:\Users\xchuki00\Documents\Bakalarska_prace\3rd_parties\libs\bullet3-2.85.1\Extras\Serialize\BulletFileLoader\bFile.cpp(1487): warning C4313: 'printf': '%d' in format string conflicts with argument 2 of type 'void *const '
  bDNA.cpp
  btBulletFile.cpp
  Generating Code...
  Compiling...
  BspConverter.cpp
  BspLoader.cpp
  ImportBspExample.cpp
  ImportColladaSetup.cpp
  LoadMeshFromCollada.cpp
  ImportObjExample.cpp
  LoadMeshFromObj.cpp
  Wavefront2GLInstanceGraphicsShape.cpp
  ImportSTLSetup.cpp
  ImportSDFSetup.cpp
  ImportURDFSetup.cpp
  URDF2Bullet.cpp
  MyMultiBodyCreator.cpp
  UrdfParser.cpp
  urdfStringSplit.cpp
  BulletUrdfImporter.cpp
C:\Users\xchuki00\Documents\Bakalarska_prace\3rd_parties\libs\bullet3-2.85.1\examples\Importers\ImportURDFDemo\BulletUrdfImporter.cpp(122): warning C4800: 'int': forcing value to bool 'true' or 'false' (performance warning)
C:\Users\xchuki00\Documents\Bakalarska_prace\3rd_parties\libs\bullet3-2.85.1\examples\Importers\ImportURDFDemo\BulletUrdfImporter.cpp(174): warning C4800: 'int': forcing value to bool 'true' or 'false' (performance warning)
  VoronoiFractureDemo.cpp
  btConvexConvexMprAlgorithm.cpp
  Hinge2Vehicle.cpp
  Pendulum.cpp
  Generating Code...
  Compiling...
  MultiBodySoftContact.cpp
  TestJointTorqueSetup.cpp
  InvertedPendulumPDControl.cpp
  MultiBodyConstraintFeedback.cpp
  MultiDofDemo.cpp
  RigidBodySoftContact.cpp
  TestHingeTorque.cpp
  ConstraintDemo.cpp
  Dof6Spring2Setup.cpp
  ConstraintPhysicsSetup.cpp
  stb_image.cpp
C:\Users\xchuki00\Documents\Bakalarska_prace\3rd_parties\libs\bullet3-2.85.1\examples\ThirdPartyLibs\stb_image\stb_image.cpp(222): warning C4312: 'type cast': conversion from 'int' to 'unsigned char *' of greater size
C:\Users\xchuki00\Documents\Bakalarska_prace\3rd_parties\libs\bullet3-2.85.1\examples\ThirdPartyLibs\stb_image\stb_image.cpp(230): warning C4312: 'type cast': conversion from 'int' to 'unsigned char *' of greater size
C:\Users\xchuki00\Documents\Bakalarska_prace\3rd_parties\libs\bullet3-2.85.1\examples\ThirdPartyLibs\stb_image\stb_image.cpp(270): warning C4312: 'type cast': conversion from 'int' to 'float *' of greater size
C:\Users\xchuki00\Documents\Bakalarska_prace\3rd_parties\libs\bullet3-2.85.1\examples\ThirdPartyLibs\stb_image\stb_image.cpp(292): warning C4312: 'type cast': conversion from 'int' to 'float *' of greater size
C:\Users\xchuki00\Documents\Bakalarska_prace\3rd_parties\libs\bullet3-2.85.1\examples\ThirdPartyLibs\stb_image\stb_image.cpp(514): warning C4312: 'type cast': conversion from 'int' to 'unsigned char *' of greater size
C:\Users\xchuki00\Documents\Bakalarska_prace\3rd_parties\libs\bullet3-2.85.1\examples\ThirdPartyLibs\stb_image\stb_image.cpp(552): warning C4312: 'type cast': conversion from 'int' to 'float *' of greater size
C:\Users\xchuki00\Documents\Bakalarska_prace\3rd_parties\libs\bullet3-2.85.1\examples\ThirdPartyLibs\stb_image\stb_image.cpp(570): warning C4312: 'type cast': conversion from 'int' to 'unsigned char *' of greater size
C:\Users\xchuki00\Documents\Bakalarska_prace\3rd_parties\libs\bullet3-2.85.1\examples\ThirdPartyLibs\stb_image\stb_image.cpp(1480): warning C4312: 'type cast': conversion from 'int' to 'unsigned char *' of greater size
C:\Users\xchuki00\Documents\Bakalarska_prace\3rd_parties\libs\bullet3-2.85.1\examples\ThirdPartyLibs\stb_image\stb_image.cpp(1509): warning C4312: 'type cast': conversion from 'int' to 'unsigned char *' of greater size
C:\Users\xchuki00\Documents\Bakalarska_prace\3rd_parties\libs\bullet3-2.85.1\examples\ThirdPartyLibs\stb_image\stb_image.cpp(1527): warning C4312: 'type cast': conversion from 'int' to 'unsigned char *' of greater size
C:\Users\xchuki00\Documents\Bakalarska_prace\3rd_parties\libs\bullet3-2.85.1\examples\ThirdPartyLibs\stb_image\stb_image.cpp(2501): warning C4312: 'type cast': conversion from 'int' to 'unsigned char *' of greater size
C:\Users\xchuki00\Documents\Bakalarska_prace\3rd_parties\libs\bullet3-2.85.1\examples\ThirdPartyLibs\stb_image\stb_image.cpp(2626): warning C4312: 'type cast': conversion from 'int' to 'unsigned char *' of greater size
C:\Users\xchuki00\Documents\Bakalarska_prace\3rd_parties\libs\bullet3-2.85.1\examples\ThirdPartyLibs\stb_image\stb_image.cpp(2632): warning C4312: 'type cast': conversion from 'int' to 'unsigned char *' of greater size
C:\Users\xchuki00\Documents\Bakalarska_prace\3rd_parties\libs\bullet3-2.85.1\examples\ThirdPartyLibs\stb_image\stb_image.cpp(2640): warning C4312: 'type cast': conversion from 'int' to 'unsigned char *' of greater size
C:\Users\xchuki00\Documents\Bakalarska_prace\3rd_parties\libs\bullet3-2.85.1\examples\ThirdPartyLibs\stb_image\stb_image.cpp(2642): warning C4312: 'type cast': conversion from 'int' to 'unsigned char *' of greater size
C:\Users\xchuki00\Documents\Bakalarska_prace\3rd_parties\libs\bullet3-2.85.1\examples\ThirdPartyLibs\stb_image\stb_image.cpp(2650): warning C4312: 'type cast': conversion from 'int' to 'unsigned char *' of greater size
C:\Users\xchuki00\Documents\Bakalarska_prace\3rd_parties\libs\bullet3-2.85.1\examples\ThirdPartyLibs\stb_image\stb_image.cpp(2684): warning C4312: 'type cast': conversion from 'int' to 'unsigned char *' of greater size
C:\Users\xchuki00\Documents\Bakalarska_prace\3rd_parties\libs\bullet3-2.85.1\examples\ThirdPartyLibs\stb_image\stb_image.cpp(2687): warning C4312: 'type cast': conversion from 'int' to 'unsigned char *' of greater size
C:\Users\xchuki00\Documents\Bakalarska_prace\3rd_parties\libs\bullet3-2.85.1\examples\ThirdPartyLibs\stb_image\stb_image.cpp(2708): warning C4312: 'type cast': conversion from 'int' to 'unsigned char *' of greater size
C:\Users\xchuki00\Documents\Bakalarska_prace\3rd_parties\libs\bullet3-2.85.1\examples\ThirdPartyLibs\stb_image\stb_image.cpp(2711): warning C4312: 'type cast': conversion from 'int' to 'unsigned char *' of greater size
C:\Users\xchuki00\Documents\Bakalarska_prace\3rd_parties\libs\bullet3-2.85.1\examples\ThirdPartyLibs\stb_image\stb_image.cpp(2722): warning C4312: 'type cast': conversion from 'int' to 'unsigned char *' of greater size
C:\Users\xchuki00\Documents\Bakalarska_prace\3rd_parties\libs\bullet3-2.85.1\examples\ThirdPartyLibs\stb_image\stb_image.cpp(2760): warning C4312: 'type cast': conversion from 'int' to 'unsigned char *' of greater size
C:\Users\xchuki00\Documents\Bakalarska_prace\3rd_parties\libs\bullet3-2.85.1\examples\ThirdPartyLibs\stb_image\stb_image.cpp(2958): warning C4312: 'type cast': conversion from 'int' to 'unsigned char *' of greater size
C:\Users\xchuki00\Documents\Bakalarska_prace\3rd_parties\libs\bullet3-2.85.1\examples\ThirdPartyLibs\stb_image\stb_image.cpp(2969): warning C4312: 'type cast': conversion from 'int' to 'unsigned char *' of greater size
C:\Users\xchuki00\Documents\Bakalarska_prace\3rd_parties\libs\bullet3-2.85.1\examples\ThirdPartyLibs\stb_image\stb_image.cpp(2973): warning C4312: 'type cast': conversion from 'int' to 'unsigned char *' of greater size
C:\Users\xchuki00\Documents\Bakalarska_prace\3rd_parties\libs\bullet3-2.85.1\examples\ThirdPartyLibs\stb_image\stb_image.cpp(3150): warning C4312: 'type cast': conversion from 'int' to 'unsigned char *' of greater size
C:\Users\xchuki00\Documents\Bakalarska_prace\3rd_parties\libs\bullet3-2.85.1\examples\ThirdPartyLibs\stb_image\stb_image.cpp(3154): warning C4312: 'type cast': conversion from 'int' to 'unsigned char *' of greater size
C:\Users\xchuki00\Documents\Bakalarska_prace\3rd_parties\libs\bullet3-2.85.1\examples\ThirdPartyLibs\stb_image\stb_image.cpp(3162): warning C4312: 'type cast': conversion from 'int' to 'unsigned char *' of greater size
C:\Users\xchuki00\Documents\Bakalarska_prace\3rd_parties\libs\bullet3-2.85.1\examples\ThirdPartyLibs\stb_image\stb_image.cpp(3170): warning C4312: 'type cast': conversion from 'int' to 'unsigned char *' of greater size
C:\Users\xchuki00\Documents\Bakalarska_prace\3rd_parties\libs\bullet3-2.85.1\examples\ThirdPartyLibs\stb_image\stb_image.cpp(3183): warning C4312: 'type cast': conversion from 'int' to 'unsigned char *' of greater size
C:\Users\xchuki00\Documents\Bakalarska_prace\3rd_parties\libs\bullet3-2.85.1\examples\ThirdPartyLibs\stb_image\stb_image.cpp(3200): warning C4312: 'type cast': conversion from 'int' to 'unsigned char *' of greater size
C:\Users\xchuki00\Documents\Bakalarska_prace\3rd_parties\libs\bullet3-2.85.1\examples\ThirdPartyLibs\stb_image\stb_image.cpp(3204): warning C4312: 'type cast': conversion from 'int' to 'unsigned char *' of greater size
C:\Users\xchuki00\Documents\Bakalarska_prace\3rd_parties\libs\bullet3-2.85.1\examples\ThirdPartyLibs\stb_image\stb_image.cpp(3347): warning C4312: 'type cast': conversion from 'int' to 'unsigned char *' of greater size
C:\Users\xchuki00\Documents\Bakalarska_prace\3rd_parties\libs\bullet3-2.85.1\examples\ThirdPartyLibs\stb_image\stb_image.cpp(3375): warning C4312: 'type cast': conversion from 'int' to 'unsigned char *' of greater size
C:\Users\xchuki00\Documents\Bakalarska_prace\3rd_parties\libs\bullet3-2.85.1\examples\ThirdPartyLibs\stb_image\stb_image.cpp(3386): warning C4312: 'type cast': conversion from 'int' to 'unsigned char *' of greater size
C:\Users\xchuki00\Documents\Bakalarska_prace\3rd_parties\libs\bullet3-2.85.1\examples\ThirdPartyLibs\stb_image\stb_image.cpp(3387): warning C4312: 'type cast': conversion from 'int' to 'unsigned char *' of greater size
C:\Users\xchuki00\Documents\Bakalarska_prace\3rd_parties\libs\bullet3-2.85.1\examples\ThirdPartyLibs\stb_image\stb_image.cpp(3401): warning C4312: 'type cast': conversion from 'int' to 'unsigned char *' of greater size
C:\Users\xchuki00\Documents\Bakalarska_prace\3rd_parties\libs\bullet3-2.85.1\examples\ThirdPartyLibs\stb_image\stb_image.cpp(3420): warning C4312: 'type cast': conversion from 'int' to 'unsigned char *' of greater size
C:\Users\xchuki00\Documents\Bakalarska_prace\3rd_parties\libs\bullet3-2.85.1\examples\ThirdPartyLibs\stb_image\stb_image.cpp(3438): warning C4312: 'type cast': conversion from 'int' to 'unsigned char *' of greater size
C:\Users\xchuki00\Documents\Bakalarska_prace\3rd_parties\libs\bullet3-2.85.1\examples\ThirdPartyLibs\stb_image\stb_image.cpp(3449): warning C4312: 'type cast': conversion from 'int' to 'unsigned char *' of greater size
C:\Users\xchuki00\Documents\Bakalarska_prace\3rd_parties\libs\bullet3-2.85.1\examples\ThirdPartyLibs\stb_image\stb_image.cpp(3458): warning C4312: 'type cast': conversion from 'int' to 'unsigned char *' of greater size
C:\Users\xchuki00\Documents\Bakalarska_prace\3rd_parties\libs\bullet3-2.85.1\examples\ThirdPartyLibs\stb_image\stb_image.cpp(3485): warning C4312: 'type cast': conversion from 'int' to 'unsigned char *' of greater size
C:\Users\xchuki00\Documents\Bakalarska_prace\3rd_parties\libs\bullet3-2.85.1\examples\ThirdPartyLibs\stb_image\stb_image.cpp(3486): warning C4312: 'type cast': conversion from 'int' to 'unsigned char *' of greater size
C:\Users\xchuki00\Documents\Bakalarska_prace\3rd_parties\libs\bullet3-2.85.1\examples\ThirdPartyLibs\stb_image\stb_image.cpp(3700): warning C4312: 'type cast': conversion from 'int' to 'unsigned char *' of greater size
C:\Users\xchuki00\Documents\Bakalarska_prace\3rd_parties\libs\bullet3-2.85.1\examples\ThirdPartyLibs\stb_image\stb_image.cpp(3704): warning C4312: 'type cast': conversion from 'int' to 'unsigned char *' of greater size
C:\Users\xchuki00\Documents\Bakalarska_prace\3rd_parties\libs\bullet3-2.85.1\examples\ThirdPartyLibs\stb_image\stb_image.cpp(3709): warning C4312: 'type cast': conversion from 'int' to 'unsigned char *' of greater size
C:\Users\xchuki00\Documents\Bakalarska_prace\3rd_parties\libs\bullet3-2.85.1\examples\ThirdPartyLibs\stb_image\stb_image.cpp(3720): warning C4312: 'type cast': conversion from 'int' to 'unsigned char *' of greater size
C:\Users\xchuki00\Documents\Bakalarska_prace\3rd_parties\libs\bullet3-2.85.1\examples\ThirdPartyLibs\stb_image\stb_image.cpp(3749): warning C4312: 'type cast': conversion from 'int' to 'unsigned char *' of greater size
C:\Users\xchuki00\Documents\Bakalarska_prace\3rd_parties\libs\bullet3-2.85.1\examples\ThirdPartyLibs\stb_image\stb_image.cpp(3756): warning C4312: 'type cast': conversion from 'int' to 'unsigned char *' of greater size
C:\Users\xchuki00\Documents\Bakalarska_prace\3rd_parties\libs\bullet3-2.85.1\examples\ThirdPartyLibs\stb_image\stb_image.cpp(3773): warning C4312: 'type cast': conversion from 'int' to 'unsigned char *' of greater size
C:\Users\xchuki00\Documents\Bakalarska_prace\3rd_parties\libs\bullet3-2.85.1\examples\ThirdPartyLibs\stb_image\stb_image.cpp(3803): warning C4312: 'type cast': conversion from 'int' to 'unsigned char *' of greater size
C:\Users\xchuki00\Documents\Bakalarska_prace\3rd_parties\libs\bullet3-2.85.1\examples\ThirdPartyLibs\stb_image\stb_image.cpp(3836): warning C4312: 'type cast': conversion from 'int' to 'unsigned char *' of greater size
C:\Users\xchuki00\Documents\Bakalarska_prace\3rd_parties\libs\bullet3-2.85.1\examples\ThirdPartyLibs\stb_image\stb_image.cpp(3948): warning C4312: 'type cast': conversion from 'int' to 'float *' of greater size
C:\Users\xchuki00\Documents\Bakalarska_prace\3rd_parties\libs\bullet3-2.85.1\examples\ThirdPartyLibs\stb_image\stb_image.cpp(3957): warning C4312: 'type cast': conversion from 'int' to 'float *' of greater size
C:\Users\xchuki00\Documents\Bakalarska_prace\3rd_parties\libs\bullet3-2.85.1\examples\ThirdPartyLibs\stb_image\stb_image.cpp(3962): warning C4312: 'type cast': conversion from 'int' to 'float *' of greater size
C:\Users\xchuki00\Documents\Bakalarska_prace\3rd_parties\libs\bullet3-2.85.1\examples\ThirdPartyLibs\stb_image\stb_image.cpp(3966): warning C4312: 'type cast': conversion from 'int' to 'float *' of greater size
C:\Users\xchuki00\Documents\Bakalarska_prace\3rd_parties\libs\bullet3-2.85.1\examples\ThirdPartyLibs\stb_image\stb_image.cpp(4015): warning C4312: 'type cast': conversion from 'int' to 'float *' of greater size
  tiny_obj_loader.cpp
  tinystr.cpp
  tinyxml.cpp
  tinyxmlerror.cpp
  tinyxmlparser.cpp
  InProcessExampleBrowser.cpp
  Generating Code...
  App_ExampleBrowser.vcxproj -> C:\Users\xchuki00\Documents\Bakalarska_prace\3rd_parties\libs\bullet3-2.85.1\bullet_build\examples\ExampleBrowser\Debug\App_ExampleBrowser.exe
