c:\users\xchuki00\documents\bakalarska_prace\bullet_build\extras\inversedynamics\bulletinversedynamicsutils.dir\debug\vc140.pdb
c:\users\xchuki00\documents\bakalarska_prace\bullet_build\extras\inversedynamics\bulletinversedynamicsutils.dir\debug\user2internalindex.obj
c:\users\xchuki00\documents\bakalarska_prace\bullet_build\extras\inversedynamics\bulletinversedynamicsutils.dir\debug\multibodynamemap.obj
c:\users\xchuki00\documents\bakalarska_prace\bullet_build\extras\inversedynamics\bulletinversedynamicsutils.dir\debug\simpletreecreator.obj
c:\users\xchuki00\documents\bakalarska_prace\bullet_build\extras\inversedynamics\bulletinversedynamicsutils.dir\debug\randomtreecreator.obj
c:\users\xchuki00\documents\bakalarska_prace\bullet_build\extras\inversedynamics\bulletinversedynamicsutils.dir\debug\idrandomutil.obj
c:\users\xchuki00\documents\bakalarska_prace\bullet_build\extras\inversedynamics\bulletinversedynamicsutils.dir\debug\invdyn_bullet_comparison.obj
c:\users\xchuki00\documents\bakalarska_prace\bullet_build\extras\inversedynamics\bulletinversedynamicsutils.dir\debug\multibodytreedebuggraph.obj
c:\users\xchuki00\documents\bakalarska_prace\bullet_build\extras\inversedynamics\bulletinversedynamicsutils.dir\debug\dillcreator.obj
c:\users\xchuki00\documents\bakalarska_prace\bullet_build\extras\inversedynamics\bulletinversedynamicsutils.dir\debug\btmultibodytreecreator.obj
c:\users\xchuki00\documents\bakalarska_prace\bullet_build\extras\inversedynamics\bulletinversedynamicsutils.dir\debug\multibodytreecreator.obj
c:\users\xchuki00\documents\bakalarska_prace\bullet_build\extras\inversedynamics\bulletinversedynamicsutils.dir\debug\coilcreator.obj
c:\users\xchuki00\documents\bakalarska_prace\bullet_build\extras\inversedynamics\bulletinversedynamicsutils.dir\debug\clonetreecreator.obj
c:\users\xchuki00\documents\bakalarska_prace\bullet_build\extras\inversedynamics\cmakefiles\generate.stamp
c:\users\xchuki00\documents\bakalarska_prace\bullet_build\extras\inversedynamics\bulletinversedynamicsutils.dir\debug\bulletin.46fa905f.tlog\cl.command.1.tlog
c:\users\xchuki00\documents\bakalarska_prace\bullet_build\extras\inversedynamics\bulletinversedynamicsutils.dir\debug\bulletin.46fa905f.tlog\cl.read.1.tlog
c:\users\xchuki00\documents\bakalarska_prace\bullet_build\extras\inversedynamics\bulletinversedynamicsutils.dir\debug\bulletin.46fa905f.tlog\cl.write.1.tlog
c:\users\xchuki00\documents\bakalarska_prace\bullet_build\extras\inversedynamics\bulletinversedynamicsutils.dir\debug\bulletin.46fa905f.tlog\custombuild.command.1.tlog
c:\users\xchuki00\documents\bakalarska_prace\bullet_build\extras\inversedynamics\bulletinversedynamicsutils.dir\debug\bulletin.46fa905f.tlog\custombuild.read.1.tlog
c:\users\xchuki00\documents\bakalarska_prace\bullet_build\extras\inversedynamics\bulletinversedynamicsutils.dir\debug\bulletin.46fa905f.tlog\custombuild.write.1.tlog
c:\users\xchuki00\documents\bakalarska_prace\bullet_build\extras\inversedynamics\bulletinversedynamicsutils.dir\debug\bulletin.46fa905f.tlog\link.command.1.tlog
c:\users\xchuki00\documents\bakalarska_prace\bullet_build\extras\inversedynamics\bulletinversedynamicsutils.dir\debug\bulletin.46fa905f.tlog\link.read.1.tlog
c:\users\xchuki00\documents\bakalarska_prace\bullet_build\extras\inversedynamics\bulletinversedynamicsutils.dir\debug\bulletin.46fa905f.tlog\link.write.1.tlog
