c:\users\xchuki00\documents\bakalarska_prace\bullet_build\src\bullet3opencl\bullet3opencl_clew.dir\debug\vc140.pdb
c:\users\xchuki00\documents\bakalarska_prace\bullet_build\src\bullet3opencl\bullet3opencl_clew.dir\debug\clew.obj
c:\users\xchuki00\documents\bakalarska_prace\bullet_build\src\bullet3opencl\bullet3opencl_clew.dir\debug\b3prefixscanfloat4cl.obj
c:\users\xchuki00\documents\bakalarska_prace\bullet_build\src\bullet3opencl\bullet3opencl_clew.dir\debug\b3prefixscancl.obj
c:\users\xchuki00\documents\bakalarska_prace\bullet_build\src\bullet3opencl\bullet3opencl_clew.dir\debug\b3launchercl.obj
c:\users\xchuki00\documents\bakalarska_prace\bullet_build\src\bullet3opencl\bullet3opencl_clew.dir\debug\b3fillcl.obj
c:\users\xchuki00\documents\bakalarska_prace\bullet_build\src\bullet3opencl\bullet3opencl_clew.dir\debug\b3boundsearchcl.obj
c:\users\xchuki00\documents\bakalarska_prace\bullet_build\src\bullet3opencl\bullet3opencl_clew.dir\debug\b3voronoisimplexsolver.obj
c:\users\xchuki00\documents\bakalarska_prace\bullet_build\src\bullet3opencl\bullet3opencl_clew.dir\debug\b3triangleindexvertexarray.obj
c:\users\xchuki00\documents\bakalarska_prace\bullet_build\src\bullet3opencl\bullet3opencl_clew.dir\debug\b3trianglecallback.obj
c:\users\xchuki00\documents\bakalarska_prace\bullet_build\src\bullet3opencl\bullet3opencl_clew.dir\debug\b3stridingmeshinterface.obj
c:\users\xchuki00\documents\bakalarska_prace\bullet_build\src\bullet3opencl\bullet3opencl_clew.dir\debug\b3quantizedbvh.obj
c:\users\xchuki00\documents\bakalarska_prace\bullet_build\src\bullet3opencl\bullet3opencl_clew.dir\debug\b3optimizedbvh.obj
c:\users\xchuki00\documents\bakalarska_prace\bullet_build\src\bullet3opencl\bullet3opencl_clew.dir\debug\b3gjkpairdetector.obj
c:\users\xchuki00\documents\bakalarska_prace\bullet_build\src\bullet3opencl\bullet3opencl_clew.dir\debug\b3gjkepa.obj
c:\users\xchuki00\documents\bakalarska_prace\bullet_build\src\bullet3opencl\bullet3opencl_clew.dir\debug\b3convexhullcontact.obj
c:\users\xchuki00\documents\bakalarska_prace\bullet_build\src\bullet3opencl\bullet3opencl_clew.dir\debug\b3contactcache.obj
c:\users\xchuki00\documents\bakalarska_prace\bullet_build\src\bullet3opencl\bullet3opencl_clew.dir\debug\b3openclutils.obj
c:\users\xchuki00\documents\bakalarska_prace\bullet_build\src\bullet3opencl\bullet3opencl_clew.dir\debug\b3gpuparallellinearbvh.obj
c:\users\xchuki00\documents\bakalarska_prace\bullet_build\src\bullet3opencl\bullet3opencl_clew.dir\debug\b3gpuparallellinearbvhbroadphase.obj
c:\users\xchuki00\documents\bakalarska_prace\bullet_build\src\bullet3opencl\bullet3opencl_clew.dir\debug\b3gpusapbroadphase.obj
c:\users\xchuki00\documents\bakalarska_prace\bullet_build\src\bullet3opencl\bullet3opencl_clew.dir\debug\b3gpugridbroadphase.obj
c:\users\xchuki00\documents\bakalarska_prace\bullet_build\src\bullet3opencl\bullet3opencl_clew.dir\debug\b3solver.obj
c:\users\xchuki00\documents\bakalarska_prace\bullet_build\src\bullet3opencl\bullet3opencl_clew.dir\debug\b3gpurigidbodypipeline.obj
c:\users\xchuki00\documents\bakalarska_prace\bullet_build\src\bullet3opencl\bullet3opencl_clew.dir\debug\b3gpupgscontactsolver.obj
c:\users\xchuki00\documents\bakalarska_prace\bullet_build\src\bullet3opencl\bullet3opencl_clew.dir\debug\b3gpupgsconstraintsolver.obj
c:\users\xchuki00\documents\bakalarska_prace\bullet_build\src\bullet3opencl\bullet3opencl_clew.dir\debug\b3gpunarrowphase.obj
c:\users\xchuki00\documents\bakalarska_prace\bullet_build\src\bullet3opencl\bullet3opencl_clew.dir\debug\b3gpujacobicontactsolver.obj
c:\users\xchuki00\documents\bakalarska_prace\bullet_build\src\bullet3opencl\bullet3opencl_clew.dir\debug\b3gpugenericconstraint.obj
c:\users\xchuki00\documents\bakalarska_prace\bullet_build\src\bullet3opencl\bullet3opencl_clew.dir\debug\b3gpuraycast.obj
c:\users\xchuki00\documents\bakalarska_prace\bullet_build\src\bullet3opencl\bullet3opencl_clew.dir\debug\b3radixsort32cl.obj
c:\users\xchuki00\documents\bakalarska_prace\bullet_build\src\bullet3opencl\cmakefiles\generate.stamp
c:\users\xchuki00\documents\bakalarska_prace\bullet_build\src\bullet3opencl\bullet3opencl_clew.dir\debug\bullet3opencl_clew.vcxprojresolveassemblyreference.cache
c:\users\xchuki00\documents\bakalarska_prace\bullet_build\src\bullet3opencl\bullet3opencl_clew.dir\debug\bullet3o.aa8c90fb.tlog\cl.command.1.tlog
c:\users\xchuki00\documents\bakalarska_prace\bullet_build\src\bullet3opencl\bullet3opencl_clew.dir\debug\bullet3o.aa8c90fb.tlog\cl.read.1.tlog
c:\users\xchuki00\documents\bakalarska_prace\bullet_build\src\bullet3opencl\bullet3opencl_clew.dir\debug\bullet3o.aa8c90fb.tlog\cl.write.1.tlog
c:\users\xchuki00\documents\bakalarska_prace\bullet_build\src\bullet3opencl\bullet3opencl_clew.dir\debug\bullet3o.aa8c90fb.tlog\custombuild.command.1.tlog
c:\users\xchuki00\documents\bakalarska_prace\bullet_build\src\bullet3opencl\bullet3opencl_clew.dir\debug\bullet3o.aa8c90fb.tlog\custombuild.read.1.tlog
c:\users\xchuki00\documents\bakalarska_prace\bullet_build\src\bullet3opencl\bullet3opencl_clew.dir\debug\bullet3o.aa8c90fb.tlog\custombuild.write.1.tlog
c:\users\xchuki00\documents\bakalarska_prace\bullet_build\src\bullet3opencl\bullet3opencl_clew.dir\debug\bullet3o.aa8c90fb.tlog\link.command.1.tlog
c:\users\xchuki00\documents\bakalarska_prace\bullet_build\src\bullet3opencl\bullet3opencl_clew.dir\debug\bullet3o.aa8c90fb.tlog\link.read.1.tlog
c:\users\xchuki00\documents\bakalarska_prace\bullet_build\src\bullet3opencl\bullet3opencl_clew.dir\debug\bullet3o.aa8c90fb.tlog\link.write.1.tlog
