c:\users\xchuki00\documents\bakalarska_prace\bullet_build\examples\basicdemo\appbasicexamplegui.dir\debug\vc140.pdb
c:\users\xchuki00\documents\bakalarska_prace\bullet_build\examples\basicdemo\appbasicexamplegui.dir\debug\b3clock.obj
c:\users\xchuki00\documents\bakalarska_prace\bullet_build\examples\basicdemo\appbasicexamplegui.dir\debug\collisionshape2trianglemesh.obj
c:\users\xchuki00\documents\bakalarska_prace\bullet_build\examples\basicdemo\appbasicexamplegui.dir\debug\gl_shapedrawer.obj
c:\users\xchuki00\documents\bakalarska_prace\bullet_build\examples\basicdemo\appbasicexamplegui.dir\debug\openglguihelper.obj
c:\users\xchuki00\documents\bakalarska_prace\bullet_build\examples\basicdemo\appbasicexamplegui.dir\debug\main_opengl_single_example.obj
c:\users\xchuki00\documents\bakalarska_prace\bullet_build\examples\basicdemo\appbasicexamplegui.dir\debug\basicexample.obj
c:\users\xchuki00\documents\bakalarska_prace\bullet_build\examples\basicdemo\cmakefiles\generate.stamp
c:\users\xchuki00\documents\bakalarska_prace\bullet_build\examples\basicdemo\appbasicexamplegui.dir\debug\bullet.res
c:\users\xchuki00\documents\bakalarska_prace\bullet_build\examples\basicdemo\appbasicexamplegui.dir\debug\appbasicexamplegui.vcxprojresolveassemblyreference.cache
c:\users\xchuki00\documents\bakalarska_prace\bullet_build\examples\basicdemo\appbasicexamplegui.dir\debug\appbasic.f5c55671.tlog\cl.command.1.tlog
c:\users\xchuki00\documents\bakalarska_prace\bullet_build\examples\basicdemo\appbasicexamplegui.dir\debug\appbasic.f5c55671.tlog\cl.read.1.tlog
c:\users\xchuki00\documents\bakalarska_prace\bullet_build\examples\basicdemo\appbasicexamplegui.dir\debug\appbasic.f5c55671.tlog\cl.write.1.tlog
c:\users\xchuki00\documents\bakalarska_prace\bullet_build\examples\basicdemo\appbasicexamplegui.dir\debug\appbasic.f5c55671.tlog\custombuild.command.1.tlog
c:\users\xchuki00\documents\bakalarska_prace\bullet_build\examples\basicdemo\appbasicexamplegui.dir\debug\appbasic.f5c55671.tlog\custombuild.read.1.tlog
c:\users\xchuki00\documents\bakalarska_prace\bullet_build\examples\basicdemo\appbasicexamplegui.dir\debug\appbasic.f5c55671.tlog\custombuild.write.1.tlog
c:\users\xchuki00\documents\bakalarska_prace\bullet_build\examples\basicdemo\appbasicexamplegui.dir\debug\appbasic.f5c55671.tlog\link.command.1.tlog
c:\users\xchuki00\documents\bakalarska_prace\bullet_build\examples\basicdemo\appbasicexamplegui.dir\debug\appbasic.f5c55671.tlog\link.read.1.tlog
c:\users\xchuki00\documents\bakalarska_prace\bullet_build\examples\basicdemo\appbasicexamplegui.dir\debug\appbasic.f5c55671.tlog\link.write.1.tlog
c:\users\xchuki00\documents\bakalarska_prace\bullet_build\examples\basicdemo\appbasicexamplegui.dir\debug\appbasic.f5c55671.tlog\rc.command.1.tlog
c:\users\xchuki00\documents\bakalarska_prace\bullet_build\examples\basicdemo\appbasicexamplegui.dir\debug\appbasic.f5c55671.tlog\rc.read.1.tlog
c:\users\xchuki00\documents\bakalarska_prace\bullet_build\examples\basicdemo\appbasicexamplegui.dir\debug\appbasic.f5c55671.tlog\rc.write.1.tlog
