\BOOKMARK [0][-]{chapter.1}{\376\377\000\332\000v\000o\000d}{}% 1
\BOOKMARK [0][-]{chapter.2}{\376\377\000T\000e\000o\000r\000i\000e}{}% 2
\BOOKMARK [1][-]{section.2.1}{\376\377\000P\000h\000o\000g\001\157\000v\000\040\000o\000s\000v\001\033\000t\000l\000o\000v\000a\000c\000\355\000\040\000m\000o\000d\000e\000l}{chapter.2}% 3
\BOOKMARK [1][-]{section.2.2}{\376\377\000S\000h\000a\000d\000o\000w\000\040\000d\000e\000p\000t\000h\000\040\000m\000a\000p\000\040\000/\000/\000T\000O\000D\000O}{chapter.2}% 4
\BOOKMARK [1][-]{section.2.3}{\376\377\000S\000k\000e\000l\000e\000t\000o\000n\000\040\000a\000n\000i\000m\000a\000t\000i\000o\000n}{chapter.2}% 5
\BOOKMARK [1][-]{section.2.4}{\376\377\000P\000e\000r\000e\000l\000i\000n\001\157\000v\000\040\001\141\000u\000m\000\040\000/\000/\000T\000O\000D\000O}{chapter.2}% 6
\BOOKMARK [0][-]{chapter.3}{\376\377\000N\000\341\000v\000r\000h\000\040\000a\000p\000l\000i\000k\000a\000c\000e}{}% 7
\BOOKMARK [1][-]{section.3.1}{\376\377\000O\000b\000s\000a\000h\000\040\000a\000p\000l\000i\000k\000a\000c\000e}{chapter.3}% 8
\BOOKMARK [2][-]{subsection.3.1.1}{\376\377\001\014\000e\000h\000o\000\040\000v\001\141\000e\000h\000o\000\040\000b\000u\000d\000e\000\040\000a\000p\000l\000i\000k\000a\000c\000e\000\040\000s\000c\000h\000o\000p\000n\000a}{section.3.1}% 9
\BOOKMARK [1][-]{section.3.2}{\376\377\000N\000a\001\015\000\355\000t\000\341\000n\000\355\000,\000\040\000u\000k\000l\000\341\000d\000\341\000n\000\355\000\040\000m\000o\000d\000e\000l\001\157\000\040\000a\000\040\000j\000e\000j\000i\000c\000h\000\040\000a\000n\000i\000m\000a\000c\000\355}{chapter.3}% 10
\BOOKMARK [1][-]{section.3.3}{\376\377\000F\000y\000z\000i\000k\000a\000\040\000l\000e\000t\000u\000\040\000a\000\040\000k\000o\000l\000i\000z\000e\000\040\000o\000b\000j\000e\000k\000t\001\157\000\040\000/\000/\000T\000O\000D\000O}{chapter.3}% 11
\BOOKMARK [1][-]{section.3.4}{\376\377\000O\000s\000v\001\033\000t\000l\000e\000n\000\355\000\040\000a\000\040\000s\000t\000\355\000n\000y\000\040\000/\000/\000t\000o\000\040\000f\000i\000n\000i\000s\000h}{chapter.3}% 12
\BOOKMARK [1][-]{section.3.5}{\376\377\000S\000t\001\131\000\355\000d\000\341\000n\000\355\000\040\000n\000o\000c\000i\000\040\000a\000\040\000d\000n\000e}{chapter.3}% 13
\BOOKMARK [1][-]{section.3.6}{\376\377\000S\000l\000u\000n\000c\000e\000\040\000a\000\040\000m\001\033\000s\000\355\000c}{chapter.3}% 14
\BOOKMARK [1][-]{section.3.7}{\376\377\000V\000\355\000t\000r}{chapter.3}% 15
\BOOKMARK [0][-]{chapter.4}{\376\377\000I\000m\000p\000l\000e\000m\000e\000n\000t\000a\000c\000e\000\040\000/\000/\000\040\000T\000O\000D\000O}{}% 16
\BOOKMARK [1][-]{section.4.1}{\376\377\000D\000i\000a\000g\000r\000a\000m\000\040\000T\001\131\000\355\000d\000/\000/\000\040\000T\000O\000D\000O\000\040\000p\000o\000p\000i\000s}{chapter.4}% 17
\BOOKMARK [2][-]{subsection.4.1.1}{\376\377\000T\001\131\000\355\000d\000a\000\040\000S\000c\000e\000n\000e}{section.4.1}% 18
\BOOKMARK [1][-]{section.4.2}{\376\377\000Z\000a\000j\000\355\000m\000a\000v\000\351\000\040\000n\000e\000b\000o\000\040\000p\000r\000o\000b\000l\000\351\000m\000o\000v\000\351\000\040\001\015\000\341\000s\000t\000i\000\040\000i\000m\000p\000l\000e\000m\000e\000n\000t\000a\000c\000e}{chapter.4}% 19
\BOOKMARK [0][-]{chapter.5}{\376\377\000S\000h\000o\000d\000n\000o\000c\000e\000n\000\355\000\040\000n\000\341\000r\000o\001\015\000n\000o\000s\000t\000i\000\040\000a\000\040\000e\000f\000e\000k\000t\000i\000v\000n\000o\000s\000t\000i\000\040\000i\000m\000p\000l\000e\000m\000e\000n\000t\000a\000c\000e\000/\000/\000\040\000T\000O\000D\000O}{}% 20
\BOOKMARK [0][-]{chapter.6}{\376\377\000Z\000\341\000v\001\033\000r\000/\000/\000\040\000T\000O\000D\000O}{}% 21
\BOOKMARK [0][-]{chapter*.3}{\376\377\000L\000i\000t\000e\000r\000a\000t\000u\000r\000a}{}% 22
\BOOKMARK [0][-]{section*.4}{\376\377\000P\001\131\000\355\000l\000o\000h\000y}{}% 23
\BOOKMARK [0][-]{appendix.A}{\376\377\000O\000b\000r\000\341\000z\000k\000y}{}% 24
\BOOKMARK [1][-]{section.A.1}{\376\377\000O\000b\000r\000\341\000z\000k\000y\0002}{appendix.A}% 25
