c:\users\xchuki00\documents\bakalarska_prace\bullet_build\lib\debug\bulletdynamics_debug.bsc
c:\users\xchuki00\documents\bakalarska_prace\bullet_build\src\bulletdynamics\bulletdynamics.dir\debug\bulletdynamics.pdb
c:\users\xchuki00\documents\bakalarska_prace\bullet_build\src\bulletdynamics\bulletdynamics.dir\debug\btkinematiccharactercontroller.sbr
c:\users\xchuki00\documents\bakalarska_prace\bullet_build\src\bulletdynamics\bulletdynamics.dir\debug\btconetwistconstraint.sbr
c:\users\xchuki00\documents\bakalarska_prace\bullet_build\src\bulletdynamics\bulletdynamics.dir\debug\btcontactconstraint.sbr
c:\users\xchuki00\documents\bakalarska_prace\bullet_build\src\bulletdynamics\bulletdynamics.dir\debug\btfixedconstraint.sbr
c:\users\xchuki00\documents\bakalarska_prace\bullet_build\src\bulletdynamics\bulletdynamics.dir\debug\btgearconstraint.sbr
c:\users\xchuki00\documents\bakalarska_prace\bullet_build\src\bulletdynamics\bulletdynamics.dir\debug\btgeneric6dofconstraint.sbr
c:\users\xchuki00\documents\bakalarska_prace\bullet_build\src\bulletdynamics\bulletdynamics.dir\debug\btgeneric6dofspringconstraint.sbr
c:\users\xchuki00\documents\bakalarska_prace\bullet_build\src\bulletdynamics\bulletdynamics.dir\debug\btgeneric6dofspring2constraint.sbr
c:\users\xchuki00\documents\bakalarska_prace\bullet_build\src\bulletdynamics\bulletdynamics.dir\debug\bthinge2constraint.sbr
c:\users\xchuki00\documents\bakalarska_prace\bullet_build\src\bulletdynamics\bulletdynamics.dir\debug\bthingeconstraint.sbr
c:\users\xchuki00\documents\bakalarska_prace\bullet_build\src\bulletdynamics\bulletdynamics.dir\debug\btpoint2pointconstraint.sbr
c:\users\xchuki00\documents\bakalarska_prace\bullet_build\src\bulletdynamics\bulletdynamics.dir\debug\btsequentialimpulseconstraintsolver.sbr
c:\users\xchuki00\documents\bakalarska_prace\bullet_build\src\bulletdynamics\bulletdynamics.dir\debug\btnncgconstraintsolver.sbr
c:\users\xchuki00\documents\bakalarska_prace\bullet_build\src\bulletdynamics\bulletdynamics.dir\debug\btsliderconstraint.sbr
c:\users\xchuki00\documents\bakalarska_prace\bullet_build\src\bulletdynamics\bulletdynamics.dir\debug\btsolve2linearconstraint.sbr
c:\users\xchuki00\documents\bakalarska_prace\bullet_build\src\bulletdynamics\bulletdynamics.dir\debug\bttypedconstraint.sbr
c:\users\xchuki00\documents\bakalarska_prace\bullet_build\src\bulletdynamics\bulletdynamics.dir\debug\btuniversalconstraint.sbr
c:\users\xchuki00\documents\bakalarska_prace\bullet_build\src\bulletdynamics\bulletdynamics.dir\debug\btdiscretedynamicsworld.sbr
c:\users\xchuki00\documents\bakalarska_prace\bullet_build\src\bulletdynamics\bulletdynamics.dir\debug\btrigidbody.sbr
c:\users\xchuki00\documents\bakalarska_prace\bullet_build\src\bulletdynamics\bulletdynamics.dir\debug\btsimpledynamicsworld.sbr
c:\users\xchuki00\documents\bakalarska_prace\bullet_build\src\bulletdynamics\bulletdynamics.dir\debug\btsimpledynamicsworld.obj
c:\users\xchuki00\documents\bakalarska_prace\bullet_build\src\bulletdynamics\bulletdynamics.dir\debug\btrigidbody.obj
c:\users\xchuki00\documents\bakalarska_prace\bullet_build\src\bulletdynamics\bulletdynamics.dir\debug\btdiscretedynamicsworld.obj
c:\users\xchuki00\documents\bakalarska_prace\bullet_build\src\bulletdynamics\bulletdynamics.dir\debug\btuniversalconstraint.obj
c:\users\xchuki00\documents\bakalarska_prace\bullet_build\src\bulletdynamics\bulletdynamics.dir\debug\bttypedconstraint.obj
c:\users\xchuki00\documents\bakalarska_prace\bullet_build\src\bulletdynamics\bulletdynamics.dir\debug\btsolve2linearconstraint.obj
c:\users\xchuki00\documents\bakalarska_prace\bullet_build\src\bulletdynamics\bulletdynamics.dir\debug\btsliderconstraint.obj
c:\users\xchuki00\documents\bakalarska_prace\bullet_build\src\bulletdynamics\bulletdynamics.dir\debug\btnncgconstraintsolver.obj
c:\users\xchuki00\documents\bakalarska_prace\bullet_build\src\bulletdynamics\bulletdynamics.dir\debug\btsequentialimpulseconstraintsolver.obj
c:\users\xchuki00\documents\bakalarska_prace\bullet_build\src\bulletdynamics\bulletdynamics.dir\debug\btpoint2pointconstraint.obj
c:\users\xchuki00\documents\bakalarska_prace\bullet_build\src\bulletdynamics\bulletdynamics.dir\debug\bthingeconstraint.obj
c:\users\xchuki00\documents\bakalarska_prace\bullet_build\src\bulletdynamics\bulletdynamics.dir\debug\bthinge2constraint.obj
c:\users\xchuki00\documents\bakalarska_prace\bullet_build\src\bulletdynamics\bulletdynamics.dir\debug\btgeneric6dofspring2constraint.obj
c:\users\xchuki00\documents\bakalarska_prace\bullet_build\src\bulletdynamics\bulletdynamics.dir\debug\btgeneric6dofspringconstraint.obj
c:\users\xchuki00\documents\bakalarska_prace\bullet_build\src\bulletdynamics\bulletdynamics.dir\debug\btgeneric6dofconstraint.obj
c:\users\xchuki00\documents\bakalarska_prace\bullet_build\src\bulletdynamics\bulletdynamics.dir\debug\btgearconstraint.obj
c:\users\xchuki00\documents\bakalarska_prace\bullet_build\src\bulletdynamics\bulletdynamics.dir\debug\btfixedconstraint.obj
c:\users\xchuki00\documents\bakalarska_prace\bullet_build\src\bulletdynamics\bulletdynamics.dir\debug\btcontactconstraint.obj
c:\users\xchuki00\documents\bakalarska_prace\bullet_build\src\bulletdynamics\bulletdynamics.dir\debug\btconetwistconstraint.obj
c:\users\xchuki00\documents\bakalarska_prace\bullet_build\src\bulletdynamics\bulletdynamics.dir\debug\btkinematiccharactercontroller.obj
c:\users\xchuki00\documents\bakalarska_prace\bullet_build\src\bulletdynamics\bulletdynamics.dir\debug\btraycastvehicle.sbr
c:\users\xchuki00\documents\bakalarska_prace\bullet_build\src\bulletdynamics\bulletdynamics.dir\debug\btwheelinfo.sbr
c:\users\xchuki00\documents\bakalarska_prace\bullet_build\src\bulletdynamics\bulletdynamics.dir\debug\btmultibody.sbr
c:\users\xchuki00\documents\bakalarska_prace\bullet_build\src\bulletdynamics\bulletdynamics.dir\debug\btmultibodyconstraintsolver.sbr
c:\users\xchuki00\documents\bakalarska_prace\bullet_build\src\bulletdynamics\bulletdynamics.dir\debug\btmultibodydynamicsworld.sbr
c:\users\xchuki00\documents\bakalarska_prace\bullet_build\src\bulletdynamics\bulletdynamics.dir\debug\btmultibodyjointlimitconstraint.sbr
c:\users\xchuki00\documents\bakalarska_prace\bullet_build\src\bulletdynamics\bulletdynamics.dir\debug\btmultibodyconstraint.sbr
c:\users\xchuki00\documents\bakalarska_prace\bullet_build\src\bulletdynamics\bulletdynamics.dir\debug\btmultibodypoint2point.sbr
c:\users\xchuki00\documents\bakalarska_prace\bullet_build\src\bulletdynamics\bulletdynamics.dir\debug\btmultibodyfixedconstraint.sbr
c:\users\xchuki00\documents\bakalarska_prace\bullet_build\src\bulletdynamics\bulletdynamics.dir\debug\btmultibodysliderconstraint.sbr
c:\users\xchuki00\documents\bakalarska_prace\bullet_build\src\bulletdynamics\bulletdynamics.dir\debug\btmultibodyjointmotor.sbr
c:\users\xchuki00\documents\bakalarska_prace\bullet_build\src\bulletdynamics\bulletdynamics.dir\debug\btdantziglcp.sbr
c:\users\xchuki00\documents\bakalarska_prace\bullet_build\src\bulletdynamics\bulletdynamics.dir\debug\btmlcpsolver.sbr
c:\users\xchuki00\documents\bakalarska_prace\bullet_build\src\bulletdynamics\bulletdynamics.dir\debug\btlemkealgorithm.sbr
c:\users\xchuki00\documents\bakalarska_prace\bullet_build\src\bulletdynamics\bulletdynamics.dir\debug\btlemkealgorithm.obj
c:\users\xchuki00\documents\bakalarska_prace\bullet_build\src\bulletdynamics\bulletdynamics.dir\debug\btmlcpsolver.obj
c:\users\xchuki00\documents\bakalarska_prace\bullet_build\src\bulletdynamics\bulletdynamics.dir\debug\btdantziglcp.obj
c:\users\xchuki00\documents\bakalarska_prace\bullet_build\src\bulletdynamics\bulletdynamics.dir\debug\btmultibodyjointmotor.obj
c:\users\xchuki00\documents\bakalarska_prace\bullet_build\src\bulletdynamics\bulletdynamics.dir\debug\btmultibodysliderconstraint.obj
c:\users\xchuki00\documents\bakalarska_prace\bullet_build\src\bulletdynamics\bulletdynamics.dir\debug\btmultibodyfixedconstraint.obj
c:\users\xchuki00\documents\bakalarska_prace\bullet_build\src\bulletdynamics\bulletdynamics.dir\debug\btmultibodypoint2point.obj
c:\users\xchuki00\documents\bakalarska_prace\bullet_build\src\bulletdynamics\bulletdynamics.dir\debug\btmultibodyconstraint.obj
c:\users\xchuki00\documents\bakalarska_prace\bullet_build\src\bulletdynamics\bulletdynamics.dir\debug\btmultibodyjointlimitconstraint.obj
c:\users\xchuki00\documents\bakalarska_prace\bullet_build\src\bulletdynamics\bulletdynamics.dir\debug\btmultibodydynamicsworld.obj
c:\users\xchuki00\documents\bakalarska_prace\bullet_build\src\bulletdynamics\bulletdynamics.dir\debug\btmultibodyconstraintsolver.obj
c:\users\xchuki00\documents\bakalarska_prace\bullet_build\src\bulletdynamics\bulletdynamics.dir\debug\btmultibody.obj
c:\users\xchuki00\documents\bakalarska_prace\bullet_build\src\bulletdynamics\bulletdynamics.dir\debug\btwheelinfo.obj
c:\users\xchuki00\documents\bakalarska_prace\bullet_build\src\bulletdynamics\bulletdynamics.dir\debug\btraycastvehicle.obj
c:\users\xchuki00\documents\bakalarska_prace\bullet_build\src\bulletdynamics\cmakefiles\generate.stamp
c:\users\xchuki00\documents\bakalarska_prace\bullet_build\lib\debug\bulletdynamics_debug.lib
c:\users\xchuki00\documents\bakalarska_prace\bullet_build\src\bulletdynamics\bulletdynamics.dir\debug\bulletdynamics.tlog\bscmake.command.1.tlog
c:\users\xchuki00\documents\bakalarska_prace\bullet_build\src\bulletdynamics\bulletdynamics.dir\debug\bulletdynamics.tlog\bscmake.read.1.tlog
c:\users\xchuki00\documents\bakalarska_prace\bullet_build\src\bulletdynamics\bulletdynamics.dir\debug\bulletdynamics.tlog\bscmake.write.1.tlog
c:\users\xchuki00\documents\bakalarska_prace\bullet_build\src\bulletdynamics\bulletdynamics.dir\debug\bulletdynamics.tlog\cl.command.1.tlog
c:\users\xchuki00\documents\bakalarska_prace\bullet_build\src\bulletdynamics\bulletdynamics.dir\debug\bulletdynamics.tlog\cl.read.1.tlog
c:\users\xchuki00\documents\bakalarska_prace\bullet_build\src\bulletdynamics\bulletdynamics.dir\debug\bulletdynamics.tlog\cl.write.1.tlog
c:\users\xchuki00\documents\bakalarska_prace\bullet_build\src\bulletdynamics\bulletdynamics.dir\debug\bulletdynamics.tlog\custombuild.command.1.tlog
c:\users\xchuki00\documents\bakalarska_prace\bullet_build\src\bulletdynamics\bulletdynamics.dir\debug\bulletdynamics.tlog\custombuild.read.1.tlog
c:\users\xchuki00\documents\bakalarska_prace\bullet_build\src\bulletdynamics\bulletdynamics.dir\debug\bulletdynamics.tlog\custombuild.write.1.tlog
c:\users\xchuki00\documents\bakalarska_prace\bullet_build\src\bulletdynamics\bulletdynamics.dir\debug\bulletdynamics.tlog\lib-link.read.1.tlog
c:\users\xchuki00\documents\bakalarska_prace\bullet_build\src\bulletdynamics\bulletdynamics.dir\debug\bulletdynamics.tlog\lib-link.write.1.tlog
c:\users\xchuki00\documents\bakalarska_prace\bullet_build\src\bulletdynamics\bulletdynamics.dir\debug\bulletdynamics.tlog\lib.command.1.tlog
