c:\users\xchuki00\documents\bakalarska_prace\bullet_build\examples\examplebrowser\bulletexamplebrowserlib.dir\debug\vc140.pdb
c:\users\xchuki00\documents\bakalarska_prace\bullet_build\examples\examplebrowser\bulletexamplebrowserlib.dir\debug\gwenuserinterface.obj
c:\users\xchuki00\documents\bakalarska_prace\bullet_build\examples\examplebrowser\bulletexamplebrowserlib.dir\debug\gwentexturewindow.obj
c:\users\xchuki00\documents\bakalarska_prace\bullet_build\examples\examplebrowser\bulletexamplebrowserlib.dir\debug\gwenprofilewindow.obj
c:\users\xchuki00\documents\bakalarska_prace\bullet_build\examples\examplebrowser\bulletexamplebrowserlib.dir\debug\gwenparameterinterface.obj
c:\users\xchuki00\documents\bakalarska_prace\bullet_build\examples\examplebrowser\bulletexamplebrowserlib.dir\debug\graphingtexture.obj
c:\users\xchuki00\documents\bakalarska_prace\bullet_build\examples\examplebrowser\bulletexamplebrowserlib.dir\debug\b3resourcepath.obj
c:\users\xchuki00\documents\bakalarska_prace\bullet_build\examples\examplebrowser\bulletexamplebrowserlib.dir\debug\b3clock.obj
c:\users\xchuki00\documents\bakalarska_prace\bullet_build\examples\examplebrowser\bulletexamplebrowserlib.dir\debug\collisionshape2trianglemesh.obj
c:\users\xchuki00\documents\bakalarska_prace\bullet_build\examples\examplebrowser\bulletexamplebrowserlib.dir\debug\gl_shapedrawer.obj
c:\users\xchuki00\documents\bakalarska_prace\bullet_build\examples\examplebrowser\bulletexamplebrowserlib.dir\debug\openglguihelper.obj
c:\users\xchuki00\documents\bakalarska_prace\bullet_build\examples\examplebrowser\bulletexamplebrowserlib.dir\debug\openglexamplebrowser.obj
c:\users\xchuki00\documents\bakalarska_prace\bullet_build\examples\examplebrowser\cmakefiles\generate.stamp
c:\users\xchuki00\documents\bakalarska_prace\bullet_build\examples\examplebrowser\bulletexamplebrowserlib.dir\debug\bulletex.10774541.tlog\cl.command.1.tlog
c:\users\xchuki00\documents\bakalarska_prace\bullet_build\examples\examplebrowser\bulletexamplebrowserlib.dir\debug\bulletex.10774541.tlog\cl.read.1.tlog
c:\users\xchuki00\documents\bakalarska_prace\bullet_build\examples\examplebrowser\bulletexamplebrowserlib.dir\debug\bulletex.10774541.tlog\cl.write.1.tlog
c:\users\xchuki00\documents\bakalarska_prace\bullet_build\examples\examplebrowser\bulletexamplebrowserlib.dir\debug\bulletex.10774541.tlog\custombuild.command.1.tlog
c:\users\xchuki00\documents\bakalarska_prace\bullet_build\examples\examplebrowser\bulletexamplebrowserlib.dir\debug\bulletex.10774541.tlog\custombuild.read.1.tlog
c:\users\xchuki00\documents\bakalarska_prace\bullet_build\examples\examplebrowser\bulletexamplebrowserlib.dir\debug\bulletex.10774541.tlog\custombuild.write.1.tlog
c:\users\xchuki00\documents\bakalarska_prace\bullet_build\examples\examplebrowser\bulletexamplebrowserlib.dir\debug\bulletex.10774541.tlog\link.command.1.tlog
c:\users\xchuki00\documents\bakalarska_prace\bullet_build\examples\examplebrowser\bulletexamplebrowserlib.dir\debug\bulletex.10774541.tlog\link.read.1.tlog
c:\users\xchuki00\documents\bakalarska_prace\bullet_build\examples\examplebrowser\bulletexamplebrowserlib.dir\debug\bulletex.10774541.tlog\link.write.1.tlog
