  Building Custom Rule C:/Users/xchuki00/Documents/Bakalarska_prace/libs/bullet3-2.85.1/examples/OpenGLWindow/CMakeLists.txt
  CMake does not need to re-run because C:\Users\xchuki00\Documents\Bakalarska_prace\bullet_build\examples\OpenGLWindow\CMakeFiles\generate.stamp is up-to-date.
  glew.c
  Win32OpenGLWindow.cpp
  Win32Window.cpp
  GLInstancingRenderer.cpp
  GLPrimitiveRenderer.cpp
C:\Users\xchuki00\Documents\Bakalarska_prace\libs\bullet3-2.85.1\examples\OpenGLWindow\GLPrimitiveRenderer.cpp(316): warning C4800: 'int': forcing value to bool 'true' or 'false' (performance warning)
  GLRenderToTexture.cpp
  LoadShader.cpp
  OpenSans.cpp
  SimpleCamera.cpp
  SimpleOpenGL2App.cpp
  SimpleOpenGL2Renderer.cpp
  SimpleOpenGL3App.cpp
  TwFonts.cpp
  fontstash.cpp
  opengl_fontstashcallbacks.cpp
  Generating Code...
  OpenGLWindow.vcxproj -> C:\Users\xchuki00\Documents\Bakalarska_prace\bullet_build\lib\Debug\OpenGLWindow_Debug.lib
