c:\users\xchuki00\documents\bakalarska_prace\bullet_build\extras\convexdecomposition\convexdecomposition.dir\debug\vc140.pdb
c:\users\xchuki00\documents\bakalarska_prace\bullet_build\extras\convexdecomposition\convexdecomposition.dir\debug\splitplane.obj
c:\users\xchuki00\documents\bakalarska_prace\bullet_build\extras\convexdecomposition\convexdecomposition.dir\debug\planetri.obj
c:\users\xchuki00\documents\bakalarska_prace\bullet_build\extras\convexdecomposition\convexdecomposition.dir\debug\float_math.obj
c:\users\xchuki00\documents\bakalarska_prace\bullet_build\extras\convexdecomposition\convexdecomposition.dir\debug\concavity.obj
c:\users\xchuki00\documents\bakalarska_prace\bullet_build\extras\convexdecomposition\convexdecomposition.dir\debug\convexdecomposition.obj
c:\users\xchuki00\documents\bakalarska_prace\bullet_build\extras\convexdecomposition\convexdecomposition.dir\debug\cd_hull.obj
c:\users\xchuki00\documents\bakalarska_prace\bullet_build\extras\convexdecomposition\convexdecomposition.dir\debug\bestfit.obj
c:\users\xchuki00\documents\bakalarska_prace\bullet_build\extras\convexdecomposition\convexdecomposition.dir\debug\vlookup.obj
c:\users\xchuki00\documents\bakalarska_prace\bullet_build\extras\convexdecomposition\convexdecomposition.dir\debug\raytri.obj
c:\users\xchuki00\documents\bakalarska_prace\bullet_build\extras\convexdecomposition\convexdecomposition.dir\debug\meshvolume.obj
c:\users\xchuki00\documents\bakalarska_prace\bullet_build\extras\convexdecomposition\convexdecomposition.dir\debug\fitsphere.obj
c:\users\xchuki00\documents\bakalarska_prace\bullet_build\extras\convexdecomposition\convexdecomposition.dir\debug\cd_wavefront.obj
c:\users\xchuki00\documents\bakalarska_prace\bullet_build\extras\convexdecomposition\convexdecomposition.dir\debug\convexbuilder.obj
c:\users\xchuki00\documents\bakalarska_prace\bullet_build\extras\convexdecomposition\convexdecomposition.dir\debug\bestfitobb.obj
c:\users\xchuki00\documents\bakalarska_prace\bullet_build\extras\convexdecomposition\cmakefiles\generate.stamp
c:\users\xchuki00\documents\bakalarska_prace\bullet_build\extras\convexdecomposition\convexdecomposition.dir\debug\convexde.f8d0caab.tlog\cl.command.1.tlog
c:\users\xchuki00\documents\bakalarska_prace\bullet_build\extras\convexdecomposition\convexdecomposition.dir\debug\convexde.f8d0caab.tlog\cl.read.1.tlog
c:\users\xchuki00\documents\bakalarska_prace\bullet_build\extras\convexdecomposition\convexdecomposition.dir\debug\convexde.f8d0caab.tlog\cl.write.1.tlog
c:\users\xchuki00\documents\bakalarska_prace\bullet_build\extras\convexdecomposition\convexdecomposition.dir\debug\convexde.f8d0caab.tlog\custombuild.command.1.tlog
c:\users\xchuki00\documents\bakalarska_prace\bullet_build\extras\convexdecomposition\convexdecomposition.dir\debug\convexde.f8d0caab.tlog\custombuild.read.1.tlog
c:\users\xchuki00\documents\bakalarska_prace\bullet_build\extras\convexdecomposition\convexdecomposition.dir\debug\convexde.f8d0caab.tlog\custombuild.write.1.tlog
c:\users\xchuki00\documents\bakalarska_prace\bullet_build\extras\convexdecomposition\convexdecomposition.dir\debug\convexde.f8d0caab.tlog\link.command.1.tlog
c:\users\xchuki00\documents\bakalarska_prace\bullet_build\extras\convexdecomposition\convexdecomposition.dir\debug\convexde.f8d0caab.tlog\link.read.1.tlog
c:\users\xchuki00\documents\bakalarska_prace\bullet_build\extras\convexdecomposition\convexdecomposition.dir\debug\convexde.f8d0caab.tlog\link.write.1.tlog
