  Building Custom Rule C:/Users/xchuki00/Documents/Bakalarska_prace/libs/bullet3-2.85.1/src/LinearMath/CMakeLists.txt
  CMake is re-running because C:\Users\xchuki00\Documents\Bakalarska_prace\bullet_build\src\LinearMath\CMakeFiles\generate.stamp is out-of-date.
    the file 'C:/Users/xchuki00/Documents/Bakalarska_prace/libs/bullet3-2.85.1/src/LinearMath/CMakeLists.txt'
    is newer than 'C:\Users\xchuki00\Documents\Bakalarska_prace\bullet_build\src\LinearMath\CMakeFiles\generate.stamp.depend'
    result='-1'
  OPENGL FOUND
  glu32opengl32
  -- Configuring done
  -- Generating done
  -- Build files have been written to: C:/Users/xchuki00/Documents/Bakalarska_prace/bullet_build
  btAlignedAllocator.cpp
  btConvexHull.cpp
  btConvexHullComputer.cpp
  btGeometryUtil.cpp
  btPolarDecomposition.cpp
  btQuickprof.cpp
  btSerializer.cpp
  btVector3.cpp
  Generating Code...
  LinearMath.vcxproj -> C:\Users\xchuki00\Documents\Bakalarska_prace\bullet_build\lib\Debug\LinearMath_Debug.lib
